# JRE version: Java(TM) SE Runtime Environment (8.0_152-b16) (build 1.8.0_152-b16)
# Java VM: Java HotSpot(TM) 64-Bit Server VM (25.152-b16 mixed mode windows-amd64 compressed oops)
Heap:
 PSYoungGen      total 143360K, used 110699K [0x00000000d5f80000, 0x00000000e3b00000, 0x0000000100000000)
  eden space 102400K, 73% used [0x00000000d5f80000,0x00000000da9612b0,0x00000000dc380000)
  from space 40960K, 85% used [0x00000000dc380000,0x00000000de5b9c68,0x00000000deb80000)
  to   space 45568K, 0% used [0x00000000e0e80000,0x00000000e0e80000,0x00000000e3b00000)
 ParOldGen       total 126464K, used 57835K [0x0000000081e00000, 0x0000000089980000, 0x00000000d5f80000)
  object space 126464K, 45% used [0x0000000081e00000,0x000000008567ad30,0x0000000089980000)
 Metaspace       used 36953K, capacity 39390K, committed 39552K, reserved 1083392K
  class space    used 4836K, capacity 5234K, committed 5248K, reserved 1048576K
GC Heap History (10 events):
Event: 13.661 GC heap before
{Heap before GC invocations=7 (full 1):
 PSYoungGen      total 38400K, used 38368K [0x00000000d5f80000, 0x00000000dc200000, 0x0000000100000000)
  eden space 33280K, 100% used [0x00000000d5f80000,0x00000000d8000000,0x00000000d8000000)
  from space 5120K, 99% used [0x00000000d8000000,0x00000000d84f8010,0x00000000d8500000)
  to   space 19968K, 0% used [0x00000000dae80000,0x00000000dae80000,0x00000000dc200000)
 ParOldGen       total 57856K, used 29161K [0x0000000081e00000, 0x0000000085680000, 0x00000000d5f80000)
  object space 57856K, 50% used [0x0000000081e00000,0x0000000083a7a620,0x0000000085680000)
 Metaspace       used 31907K, capacity 33240K, committed 33280K, reserved 1077248K
  class space    used 4307K, capacity 4605K, committed 4608K, reserved 1048576K
Event: 13.694 GC heap after
Heap after GC invocations=7 (full 1):
 PSYoungGen      total 79872K, used 14846K [0x00000000d5f80000, 0x00000000dc580000, 0x0000000100000000)
  eden space 59904K, 0% used [0x00000000d5f80000,0x00000000d5f80000,0x00000000d9a00000)
  from space 19968K, 74% used [0x00000000dae80000,0x00000000dbcff840,0x00000000dc200000)
  to   space 20992K, 0% used [0x00000000d9a00000,0x00000000d9a00000,0x00000000dae80000)
 ParOldGen       total 57856K, used 29169K [0x0000000081e00000, 0x0000000085680000, 0x00000000d5f80000)
  object space 57856K, 50% used [0x0000000081e00000,0x0000000083a7c620,0x0000000085680000)
 Metaspace       used 31907K, capacity 33240K, committed 33280K, reserved 1077248K
  class space    used 4307K, capacity 4605K, committed 4608K, reserved 1048576K
}
Event: 14.692 GC heap before
{Heap before GC invocations=8 (full 1):
 PSYoungGen      total 79872K, used 74750K [0x00000000d5f80000, 0x00000000dc580000, 0x0000000100000000)
  eden space 59904K, 100% used [0x00000000d5f80000,0x00000000d9a00000,0x00000000d9a00000)
  from space 19968K, 74% used [0x00000000dae80000,0x00000000dbcff840,0x00000000dc200000)
  to   space 20992K, 0% used [0x00000000d9a00000,0x00000000d9a00000,0x00000000dae80000)
 ParOldGen       total 57856K, used 29169K [0x0000000081e00000, 0x0000000085680000, 0x00000000d5f80000)
  object space 57856K, 50% used [0x0000000081e00000,0x0000000083a7c620,0x0000000085680000)
 Metaspace       used 32358K, capacity 33826K, committed 33920K, reserved 1079296K
  class space    used 4349K, capacity 4660K, committed 4736K, reserved 1048576K
Event: 14.731 GC heap after
Heap after GC invocations=8 (full 1):
 PSYoungGen      total 80896K, used 20974K [0x00000000d5f80000, 0x00000000e0900000, 0x0000000100000000)
  eden space 59904K, 0% used [0x00000000d5f80000,0x00000000d5f80000,0x00000000d9a00000)
  from space 20992K, 99% used [0x00000000d9a00000,0x00000000dae7b9c0,0x00000000dae80000)
  to   space 30208K, 0% used [0x00000000deb80000,0x00000000deb80000,0x00000000e0900000)
 ParOldGen       total 57856K, used 40429K [0x0000000081e00000, 0x0000000085680000, 0x00000000d5f80000)
  object space 57856K, 69% used [0x0000000081e00000,0x000000008457b578,0x0000000085680000)
 Metaspace       used 32358K, capacity 33826K, committed 33920K, reserved 1079296K
  class space    used 4349K, capacity 4660K, committed 4736K, reserved 1048576K
}
Event: 16.063 GC heap before
{Heap before GC invocations=9 (full 1):
 PSYoungGen      total 80896K, used 80878K [0x00000000d5f80000, 0x00000000e0900000, 0x0000000100000000)
  eden space 59904K, 100% used [0x00000000d5f80000,0x00000000d9a00000,0x00000000d9a00000)
  from space 20992K, 99% used [0x00000000d9a00000,0x00000000dae7b9c0,0x00000000dae80000)
  to   space 30208K, 0% used [0x00000000deb80000,0x00000000deb80000,0x00000000e0900000)
 ParOldGen       total 57856K, used 40429K [0x0000000081e00000, 0x0000000085680000, 0x00000000d5f80000)
  object space 57856K, 69% used [0x0000000081e00000,0x000000008457b578,0x0000000085680000)
 Metaspace       used 32822K, capacity 34496K, committed 34688K, reserved 1079296K
  class space    used 4396K, capacity 4729K, committed 4736K, reserved 1048576K
Event: 16.115 GC heap after
Heap after GC invocations=9 (full 1):
 PSYoungGen      total 132608K, used 30205K [0x00000000d5f80000, 0x00000000e1e80000, 0x0000000100000000)
  eden space 102400K, 0% used [0x00000000d5f80000,0x00000000d5f80000,0x00000000dc380000)
  from space 30208K, 99% used [0x00000000deb80000,0x00000000e08ff500,0x00000000e0900000)
  to   space 40960K, 0% used [0x00000000dc380000,0x00000000dc380000,0x00000000deb80000)
 ParOldGen       total 57856K, used 52544K [0x0000000081e00000, 0x0000000085680000, 0x00000000d5f80000)
  object space 57856K, 90% used [0x0000000081e00000,0x0000000085150078,0x0000000085680000)
 Metaspace       used 32822K, capacity 34496K, committed 34688K, reserved 1079296K
  class space    used 4396K, capacity 4729K, committed 4736K, reserved 1048576K
}
Event: 16.115 GC heap before
{Heap before GC invocations=10 (full 2):
 PSYoungGen      total 132608K, used 30205K [0x00000000d5f80000, 0x00000000e1e80000, 0x0000000100000000)
  eden space 102400K, 0% used [0x00000000d5f80000,0x00000000d5f80000,0x00000000dc380000)
  from space 30208K, 99% used [0x00000000deb80000,0x00000000e08ff500,0x00000000e0900000)
  to   space 40960K, 0% used [0x00000000dc380000,0x00000000dc380000,0x00000000deb80000)
 ParOldGen       total 57856K, used 52544K [0x0000000081e00000, 0x0000000085680000, 0x00000000d5f80000)
  object space 57856K, 90% used [0x0000000081e00000,0x0000000085150078,0x0000000085680000)
 Metaspace       used 32822K, capacity 34496K, committed 34688K, reserved 1079296K
  class space    used 4396K, capacity 4729K, committed 4736K, reserved 1048576K
Event: 16.499 GC heap after
Heap after GC invocations=10 (full 2):
 PSYoungGen      total 132608K, used 6123K [0x00000000d5f80000, 0x00000000e1e80000, 0x0000000100000000)
  eden space 102400K, 0% used [0x00000000d5f80000,0x00000000d5f80000,0x00000000dc380000)
  from space 30208K, 20% used [0x00000000deb80000,0x00000000df17afe0,0x00000000e0900000)
  to   space 40960K, 0% used [0x00000000dc380000,0x00000000dc380000,0x00000000deb80000)
 ParOldGen       total 126464K, used 57779K [0x0000000081e00000, 0x0000000089980000, 0x00000000d5f80000)
  object space 126464K, 45% used [0x0000000081e00000,0x000000008566cd10,0x0000000089980000)
 Metaspace       used 32811K, capacity 34478K, committed 34688K, reserved 1079296K
  class space    used 4394K, capacity 4726K, committed 4736K, reserved 1048576K
}
Event: 18.790 GC heap before
{Heap before GC invocations=11 (full 2):
 PSYoungGen      total 132608K, used 108523K [0x00000000d5f80000, 0x00000000e1e80000, 0x0000000100000000)
  eden space 102400K, 100% used [0x00000000d5f80000,0x00000000dc380000,0x00000000dc380000)
  from space 30208K, 20% used [0x00000000deb80000,0x00000000df17afe0,0x00000000e0900000)
  to   space 40960K, 0% used [0x00000000dc380000,0x00000000dc380000,0x00000000deb80000)
 ParOldGen       total 126464K, used 57779K [0x0000000081e00000, 0x0000000089980000, 0x00000000d5f80000)
  object space 126464K, 45% used [0x0000000081e00000,0x000000008566cd10,0x0000000089980000)
 Metaspace       used 35643K, capacity 37872K, committed 38016K, reserved 1081344K
  class space    used 4778K, capacity 5181K, committed 5248K, reserved 1048576K
Event: 18.900 GC heap after
Heap after GC invocations=11 (full 2):
 PSYoungGen      total 143360K, used 35047K [0x00000000d5f80000, 0x00000000e3b00000, 0x0000000100000000)
  eden space 102400K, 0% used [0x00000000d5f80000,0x00000000d5f80000,0x00000000dc380000)
  from space 40960K, 85% used [0x00000000dc380000,0x00000000de5b9c68,0x00000000deb80000)
  to   space 45568K, 0% used [0x00000000e0e80000,0x00000000e0e80000,0x00000000e3b00000)
 ParOldGen       total 126464K, used 57835K [0x0000000081e00000, 0x0000000089980000, 0x00000000d5f80000)
  object space 126464K, 45% used [0x0000000081e00000,0x000000008567ad30,0x0000000089980000)
 Metaspace       used 35643K, capacity 37872K, committed 38016K, reserved 1081344K
  class space    used 4778K, capacity 5181K, committed 5248K, reserved 1048576K
}

