# JRE version: Java(TM) SE Runtime Environment (8.0_152-b16) (build 1.8.0_152-b16)
# Java VM: Java HotSpot(TM) 64-Bit Server VM (25.152-b16 mixed mode windows-amd64 compressed oops)
Heap:
 PSYoungGen      total 81408K, used 44416K [0x00000000d5f80000, 0x00000000e1900000, 0x0000000100000000)
  eden space 60416K, 73% used [0x00000000d5f80000,0x00000000d8ae01c8,0x00000000d9a80000)
  from space 20992K, 0% used [0x00000000d9a80000,0x00000000d9a80000,0x00000000daf00000)
  to   space 36352K, 0% used [0x00000000df580000,0x00000000df580000,0x00000000e1900000)
 ParOldGen       total 56832K, used 55419K [0x0000000081e00000, 0x0000000085580000, 0x00000000d5f80000)
  object space 56832K, 97% used [0x0000000081e00000,0x000000008541ef40,0x0000000085580000)
 Metaspace       used 36281K, capacity 38680K, committed 38784K, reserved 1083392K
  class space    used 4818K, capacity 5227K, committed 5248K, reserved 1048576K
GC Heap History (10 events):
Event: 44.844 GC heap before
{Heap before GC invocations=8 (full 1):
 PSYoungGen      total 78848K, used 76672K [0x00000000d5f80000, 0x00000000dc780000, 0x0000000100000000)
  eden space 60416K, 100% used [0x00000000d5f80000,0x00000000d9a80000,0x00000000d9a80000)
  from space 18432K, 88% used [0x00000000daf00000,0x00000000dbee00e0,0x00000000dc100000)
  to   space 20992K, 0% used [0x00000000d9a80000,0x00000000d9a80000,0x00000000daf00000)
 ParOldGen       total 56832K, used 25922K [0x0000000081e00000, 0x0000000085580000, 0x00000000d5f80000)
  object space 56832K, 45% used [0x0000000081e00000,0x0000000083750958,0x0000000085580000)
 Metaspace       used 32615K, capacity 34180K, committed 34432K, reserved 1079296K
  class space    used 4359K, capacity 4675K, committed 4736K, reserved 1048576K
Event: 44.904 GC heap after
Heap after GC invocations=8 (full 1):
 PSYoungGen      total 81408K, used 20962K [0x00000000d5f80000, 0x00000000e1900000, 0x0000000100000000)
  eden space 60416K, 0% used [0x00000000d5f80000,0x00000000d5f80000,0x00000000d9a80000)
  from space 20992K, 99% used [0x00000000d9a80000,0x00000000daef8a60,0x00000000daf00000)
  to   space 36352K, 0% used [0x00000000df580000,0x00000000df580000,0x00000000e1900000)
 ParOldGen       total 56832K, used 49343K [0x0000000081e00000, 0x0000000085580000, 0x00000000d5f80000)
  object space 56832K, 86% used [0x0000000081e00000,0x0000000084e2ffa8,0x0000000085580000)
 Metaspace       used 32615K, capacity 34180K, committed 34432K, reserved 1079296K
  class space    used 4359K, capacity 4675K, committed 4736K, reserved 1048576K
}
Event: 44.905 GC heap before
{Heap before GC invocations=9 (full 2):
 PSYoungGen      total 81408K, used 20962K [0x00000000d5f80000, 0x00000000e1900000, 0x0000000100000000)
  eden space 60416K, 0% used [0x00000000d5f80000,0x00000000d5f80000,0x00000000d9a80000)
  from space 20992K, 99% used [0x00000000d9a80000,0x00000000daef8a60,0x00000000daf00000)
  to   space 36352K, 0% used [0x00000000df580000,0x00000000df580000,0x00000000e1900000)
 ParOldGen       total 56832K, used 49343K [0x0000000081e00000, 0x0000000085580000, 0x00000000d5f80000)
  object space 56832K, 86% used [0x0000000081e00000,0x0000000084e2ffa8,0x0000000085580000)
 Metaspace       used 32615K, capacity 34180K, committed 34432K, reserved 1079296K
  class space    used 4359K, capacity 4675K, committed 4736K, reserved 1048576K
Event: 45.209 GC heap after
Heap after GC invocations=9 (full 2):
 PSYoungGen      total 81408K, used 0K [0x00000000d5f80000, 0x00000000e1900000, 0x0000000100000000)
  eden space 60416K, 0% used [0x00000000d5f80000,0x00000000d5f80000,0x00000000d9a80000)
  from space 20992K, 0% used [0x00000000d9a80000,0x00000000d9a80000,0x00000000daf00000)
  to   space 36352K, 0% used [0x00000000df580000,0x00000000df580000,0x00000000e1900000)
 ParOldGen       total 56832K, used 49780K [0x0000000081e00000, 0x0000000085580000, 0x00000000d5f80000)
  object space 56832K, 87% used [0x0000000081e00000,0x0000000084e9d288,0x0000000085580000)
 Metaspace       used 32615K, capacity 34180K, committed 34432K, reserved 1079296K
  class space    used 4359K, capacity 4675K, committed 4736K, reserved 1048576K
}
Event: 46.863 GC heap before
{Heap before GC invocations=10 (full 3):
 PSYoungGen      total 81408K, used 60416K [0x00000000d5f80000, 0x00000000e1900000, 0x0000000100000000)
  eden space 60416K, 100% used [0x00000000d5f80000,0x00000000d9a80000,0x00000000d9a80000)
  from space 20992K, 0% used [0x00000000d9a80000,0x00000000d9a80000,0x00000000daf00000)
  to   space 36352K, 0% used [0x00000000df580000,0x00000000df580000,0x00000000e1900000)
 ParOldGen       total 56832K, used 49780K [0x0000000081e00000, 0x0000000085580000, 0x00000000d5f80000)
  object space 56832K, 87% used [0x0000000081e00000,0x0000000084e9d288,0x0000000085580000)
 Metaspace       used 33239K, capacity 35062K, committed 35328K, reserved 1079296K
  class space    used 4429K, capacity 4780K, committed 4864K, reserved 1048576K
Event: 47.286 GC heap after
Heap after GC invocations=10 (full 3):
 PSYoungGen      total 81408K, used 7578K [0x00000000d5f80000, 0x00000000e1900000, 0x0000000100000000)
  eden space 60416K, 12% used [0x00000000d5f80000,0x00000000d66e6990,0x00000000d9a80000)
  from space 20992K, 0% used [0x00000000d9a80000,0x00000000d9a80000,0x00000000daf00000)
  to   space 36352K, 0% used [0x00000000df580000,0x00000000df580000,0x00000000e1900000)
 ParOldGen       total 56832K, used 56815K [0x0000000081e00000, 0x0000000085580000, 0x00000000d5f80000)
  object space 56832K, 99% used [0x0000000081e00000,0x000000008557bc18,0x0000000085580000)
 Metaspace       used 33239K, capacity 35062K, committed 35328K, reserved 1079296K
  class space    used 4429K, capacity 4780K, committed 4864K, reserved 1048576K
}
Event: 49.294 GC heap before
{Heap before GC invocations=11 (full 4):
 PSYoungGen      total 81408K, used 60416K [0x00000000d5f80000, 0x00000000e1900000, 0x0000000100000000)
  eden space 60416K, 100% used [0x00000000d5f80000,0x00000000d9a80000,0x00000000d9a80000)
  from space 20992K, 0% used [0x00000000d9a80000,0x00000000d9a80000,0x00000000daf00000)
  to   space 36352K, 0% used [0x00000000df580000,0x00000000df580000,0x00000000e1900000)
 ParOldGen       total 56832K, used 56815K [0x0000000081e00000, 0x0000000085580000, 0x00000000d5f80000)
  object space 56832K, 99% used [0x0000000081e00000,0x000000008557bc18,0x0000000085580000)
 Metaspace       used 35671K, capacity 38138K, committed 38272K, reserved 1083392K
  class space    used 4795K, capacity 5220K, committed 5248K, reserved 1048576K
Event: 50.231 GC heap after
Heap after GC invocations=11 (full 4):
 PSYoungGen      total 81408K, used 21360K [0x00000000d5f80000, 0x00000000e1900000, 0x0000000100000000)
  eden space 60416K, 35% used [0x00000000d5f80000,0x00000000d745c100,0x00000000d9a80000)
  from space 20992K, 0% used [0x00000000d9a80000,0x00000000d9a80000,0x00000000daf00000)
  to   space 36352K, 0% used [0x00000000df580000,0x00000000df580000,0x00000000e1900000)
 ParOldGen       total 56832K, used 55426K [0x0000000081e00000, 0x0000000085580000, 0x00000000d5f80000)
  object space 56832K, 97% used [0x0000000081e00000,0x0000000085420a38,0x0000000085580000)
 Metaspace       used 35671K, capacity 38138K, committed 38272K, reserved 1083392K
  class space    used 4795K, capacity 5220K, committed 5248K, reserved 1048576K
}
Event: 51.272 GC heap before
{Heap before GC invocations=12 (full 5):
 PSYoungGen      total 81408K, used 60416K [0x00000000d5f80000, 0x00000000e1900000, 0x0000000100000000)
  eden space 60416K, 100% used [0x00000000d5f80000,0x00000000d9a80000,0x00000000d9a80000)
  from space 20992K, 0% used [0x00000000d9a80000,0x00000000d9a80000,0x00000000daf00000)
  to   space 36352K, 0% used [0x00000000df580000,0x00000000df580000,0x00000000e1900000)
 ParOldGen       total 56832K, used 55426K [0x0000000081e00000, 0x0000000085580000, 0x00000000d5f80000)
  object space 56832K, 97% used [0x0000000081e00000,0x0000000085420a38,0x0000000085580000)
 Metaspace       used 35967K, capacity 38348K, committed 38528K, reserved 1083392K
  class space    used 4806K, capacity 5225K, committed 5248K, reserved 1048576K
Event: 51.902 GC heap after
Heap after GC invocations=12 (full 5):
 PSYoungGen      total 81408K, used 33170K [0x00000000d5f80000, 0x00000000e1900000, 0x0000000100000000)
  eden space 60416K, 54% used [0x00000000d5f80000,0x00000000d7fe4ac8,0x00000000d9a80000)
  from space 20992K, 0% used [0x00000000d9a80000,0x00000000d9a80000,0x00000000daf00000)
  to   space 36352K, 0% used [0x00000000df580000,0x00000000df580000,0x00000000e1900000)
 ParOldGen       total 56832K, used 55419K [0x0000000081e00000, 0x0000000085580000, 0x00000000d5f80000)
  object space 56832K, 97% used [0x0000000081e00000,0x000000008541ef40,0x0000000085580000)
 Metaspace       used 35967K, capacity 38348K, committed 38528K, reserved 1083392K
  class space    used 4806K, capacity 5225K, committed 5248K, reserved 1048576K
}

