# JRE version: Java(TM) SE Runtime Environment (8.0_152-b16) (build 1.8.0_152-b16)
# Java VM: Java HotSpot(TM) 64-Bit Server VM (25.152-b16 mixed mode windows-amd64 compressed oops)
Heap:
 PSYoungGen      total 130048K, used 32098K [0x00000000d5f80000, 0x00000000dfe80000, 0x0000000100000000)
  eden space 103424K, 8% used [0x00000000d5f80000,0x00000000d6832ff8,0x00000000dc480000)
  from space 26624K, 87% used [0x00000000dca80000,0x00000000de125b38,0x00000000de480000)
  to   space 17920K, 0% used [0x00000000ded00000,0x00000000ded00000,0x00000000dfe80000)
 ParOldGen       total 98304K, used 98178K [0x0000000081e00000, 0x0000000087e00000, 0x00000000d5f80000)
  object space 98304K, 99% used [0x0000000081e00000,0x0000000087de08d0,0x0000000087e00000)
 Metaspace       used 36138K, capacity 38636K, committed 38784K, reserved 1083392K
  class space    used 4787K, capacity 5225K, committed 5248K, reserved 1048576K
GC Heap History (10 events):
Event: 8.078 GC heap before
{Heap before GC invocations=8 (full 1):
 PSYoungGen      total 87552K, used 65790K [0x00000000d5f80000, 0x00000000dcd00000, 0x0000000100000000)
  eden space 71168K, 71% used [0x00000000d5f80000,0x00000000d916e4d0,0x00000000da500000)
  from space 16384K, 89% used [0x00000000db700000,0x00000000dc551660,0x00000000dc700000)
  to   space 18432K, 0% used [0x00000000da500000,0x00000000da500000,0x00000000db700000)
 ParOldGen       total 79360K, used 22440K [0x0000000081e00000, 0x0000000086b80000, 0x00000000d5f80000)
  object space 79360K, 28% used [0x0000000081e00000,0x00000000833ea3d0,0x0000000086b80000)
 Metaspace       used 33528K, capacity 35412K, committed 35456K, reserved 1079296K
  class space    used 4566K, capacity 4961K, committed 4992K, reserved 1048576K
Event: 8.104 GC heap after
Heap after GC invocations=8 (full 1):
 PSYoungGen      total 89600K, used 18423K [0x00000000d5f80000, 0x00000000e0600000, 0x0000000100000000)
  eden space 71168K, 0% used [0x00000000d5f80000,0x00000000d5f80000,0x00000000da500000)
  from space 18432K, 99% used [0x00000000da500000,0x00000000db6fdc48,0x00000000db700000)
  to   space 25600K, 0% used [0x00000000ded00000,0x00000000ded00000,0x00000000e0600000)
 ParOldGen       total 79360K, used 30850K [0x0000000081e00000, 0x0000000086b80000, 0x00000000d5f80000)
  object space 79360K, 38% used [0x0000000081e00000,0x0000000083c20bf8,0x0000000086b80000)
 Metaspace       used 33528K, capacity 35412K, committed 35456K, reserved 1079296K
  class space    used 4566K, capacity 4961K, committed 4992K, reserved 1048576K
}
Event: 8.104 GC heap before
{Heap before GC invocations=9 (full 2):
 PSYoungGen      total 89600K, used 18423K [0x00000000d5f80000, 0x00000000e0600000, 0x0000000100000000)
  eden space 71168K, 0% used [0x00000000d5f80000,0x00000000d5f80000,0x00000000da500000)
  from space 18432K, 99% used [0x00000000da500000,0x00000000db6fdc48,0x00000000db700000)
  to   space 25600K, 0% used [0x00000000ded00000,0x00000000ded00000,0x00000000e0600000)
 ParOldGen       total 79360K, used 30850K [0x0000000081e00000, 0x0000000086b80000, 0x00000000d5f80000)
  object space 79360K, 38% used [0x0000000081e00000,0x0000000083c20bf8,0x0000000086b80000)
 Metaspace       used 33528K, capacity 35412K, committed 35456K, reserved 1079296K
  class space    used 4566K, capacity 4961K, committed 4992K, reserved 1048576K
Event: 8.274 GC heap after
Heap after GC invocations=9 (full 2):
 PSYoungGen      total 89600K, used 0K [0x00000000d5f80000, 0x00000000e0600000, 0x0000000100000000)
  eden space 71168K, 0% used [0x00000000d5f80000,0x00000000d5f80000,0x00000000da500000)
  from space 18432K, 0% used [0x00000000da500000,0x00000000da500000,0x00000000db700000)
  to   space 25600K, 0% used [0x00000000ded00000,0x00000000ded00000,0x00000000e0600000)
 ParOldGen       total 79360K, used 45664K [0x0000000081e00000, 0x0000000086b80000, 0x00000000d5f80000)
  object space 79360K, 57% used [0x0000000081e00000,0x0000000084a981e8,0x0000000086b80000)
 Metaspace       used 33528K, capacity 35412K, committed 35456K, reserved 1079296K
  class space    used 4566K, capacity 4961K, committed 4992K, reserved 1048576K
}
Event: 9.903 GC heap before
{Heap before GC invocations=10 (full 2):
 PSYoungGen      total 89600K, used 71168K [0x00000000d5f80000, 0x00000000e0600000, 0x0000000100000000)
  eden space 71168K, 100% used [0x00000000d5f80000,0x00000000da500000,0x00000000da500000)
  from space 18432K, 0% used [0x00000000da500000,0x00000000da500000,0x00000000db700000)
  to   space 25600K, 0% used [0x00000000ded00000,0x00000000ded00000,0x00000000e0600000)
 ParOldGen       total 79360K, used 45664K [0x0000000081e00000, 0x0000000086b80000, 0x00000000d5f80000)
  object space 79360K, 57% used [0x0000000081e00000,0x0000000084a981e8,0x0000000086b80000)
 Metaspace       used 35094K, capacity 37494K, committed 37760K, reserved 1081344K
  class space    used 4736K, capacity 5180K, committed 5248K, reserved 1048576K
Event: 9.959 GC heap after
Heap after GC invocations=10 (full 2):
 PSYoungGen      total 121344K, used 17760K [0x00000000d5f80000, 0x00000000dfe80000, 0x0000000100000000)
  eden space 103424K, 0% used [0x00000000d5f80000,0x00000000d5f80000,0x00000000dc480000)
  from space 17920K, 99% used [0x00000000ded00000,0x00000000dfe58000,0x00000000dfe80000)
  to   space 26624K, 0% used [0x00000000dca80000,0x00000000dca80000,0x00000000de480000)
 ParOldGen       total 79360K, used 45672K [0x0000000081e00000, 0x0000000086b80000, 0x00000000d5f80000)
  object space 79360K, 57% used [0x0000000081e00000,0x0000000084a9a1e8,0x0000000086b80000)
 Metaspace       used 35094K, capacity 37494K, committed 37760K, reserved 1081344K
  class space    used 4736K, capacity 5180K, committed 5248K, reserved 1048576K
}
Event: 14.199 GC heap before
{Heap before GC invocations=11 (full 2):
 PSYoungGen      total 121344K, used 121090K [0x00000000d5f80000, 0x00000000dfe80000, 0x0000000100000000)
  eden space 103424K, 99% used [0x00000000d5f80000,0x00000000dc468ac0,0x00000000dc480000)
  from space 17920K, 99% used [0x00000000ded00000,0x00000000dfe58000,0x00000000dfe80000)
  to   space 26624K, 0% used [0x00000000dca80000,0x00000000dca80000,0x00000000de480000)
 ParOldGen       total 79360K, used 45672K [0x0000000081e00000, 0x0000000086b80000, 0x00000000d5f80000)
  object space 79360K, 57% used [0x0000000081e00000,0x0000000084a9a1e8,0x0000000086b80000)
 Metaspace       used 36100K, capacity 38572K, committed 38784K, reserved 1083392K
  class space    used 4786K, capacity 5225K, committed 5248K, reserved 1048576K
Event: 14.267 GC heap after
Heap after GC invocations=11 (full 2):
 PSYoungGen      total 130048K, used 26616K [0x00000000d5f80000, 0x00000000dfe80000, 0x0000000100000000)
  eden space 103424K, 0% used [0x00000000d5f80000,0x00000000d5f80000,0x00000000dc480000)
  from space 26624K, 99% used [0x00000000dca80000,0x00000000de47e350,0x00000000de480000)
  to   space 17920K, 0% used [0x00000000ded00000,0x00000000ded00000,0x00000000dfe80000)
 ParOldGen       total 98304K, used 98254K [0x0000000081e00000, 0x0000000087e00000, 0x00000000d5f80000)
  object space 98304K, 99% used [0x0000000081e00000,0x0000000087df3bc0,0x0000000087e00000)
 Metaspace       used 36100K, capacity 38572K, committed 38784K, reserved 1083392K
  class space    used 4786K, capacity 5225K, committed 5248K, reserved 1048576K
}
Event: 14.267 GC heap before
{Heap before GC invocations=12 (full 3):
 PSYoungGen      total 130048K, used 26616K [0x00000000d5f80000, 0x00000000dfe80000, 0x0000000100000000)
  eden space 103424K, 0% used [0x00000000d5f80000,0x00000000d5f80000,0x00000000dc480000)
  from space 26624K, 99% used [0x00000000dca80000,0x00000000de47e350,0x00000000de480000)
  to   space 17920K, 0% used [0x00000000ded00000,0x00000000ded00000,0x00000000dfe80000)
 ParOldGen       total 98304K, used 98254K [0x0000000081e00000, 0x0000000087e00000, 0x00000000d5f80000)
  object space 98304K, 99% used [0x0000000081e00000,0x0000000087df3bc0,0x0000000087e00000)
 Metaspace       used 36100K, capacity 38572K, committed 38784K, reserved 1083392K
  class space    used 4786K, capacity 5225K, committed 5248K, reserved 1048576K
Event: 14.728 GC heap after
Heap after GC invocations=12 (full 3):
 PSYoungGen      total 130048K, used 23190K [0x00000000d5f80000, 0x00000000dfe80000, 0x0000000100000000)
  eden space 103424K, 0% used [0x00000000d5f80000,0x00000000d5f80000,0x00000000dc480000)
  from space 26624K, 87% used [0x00000000dca80000,0x00000000de125b38,0x00000000de480000)
  to   space 17920K, 0% used [0x00000000ded00000,0x00000000ded00000,0x00000000dfe80000)
 ParOldGen       total 98304K, used 98178K [0x0000000081e00000, 0x0000000087e00000, 0x00000000d5f80000)
  object space 98304K, 99% used [0x0000000081e00000,0x0000000087de08d0,0x0000000087e00000)
 Metaspace       used 36100K, capacity 38572K, committed 38784K, reserved 1083392K
  class space    used 4786K, capacity 5225K, committed 5248K, reserved 1048576K
}

