# JRE version: Java(TM) SE Runtime Environment (8.0_152-b16) (build 1.8.0_152-b16)
# Java VM: Java HotSpot(TM) 64-Bit Server VM (25.152-b16 mixed mode windows-amd64 compressed oops)
Heap:
 PSYoungGen      total 490496K, used 286610K [0x00000000d5f80000, 0x00000000fa000000, 0x0000000100000000)
  eden space 406528K, 70% used [0x00000000d5f80000,0x00000000e7764850,0x00000000eec80000)
  from space 83968K, 0% used [0x00000000f3f00000,0x00000000f3f00000,0x00000000f9100000)
  to   space 84480K, 0% used [0x00000000eec80000,0x00000000eec80000,0x00000000f3f00000)
 ParOldGen       total 355840K, used 207376K [0x0000000081e00000, 0x0000000097980000, 0x00000000d5f80000)
  object space 355840K, 58% used [0x0000000081e00000,0x000000008e8842c0,0x0000000097980000)
 Metaspace       used 36619K, capacity 39092K, committed 39424K, reserved 1083392K
  class space    used 4842K, capacity 5253K, committed 5376K, reserved 1048576K
GC Heap History (10 events):
Event: 32.823 GC heap before
{Heap before GC invocations=19 (full 4):
 PSYoungGen      total 335360K, used 39291K [0x00000000d5f80000, 0x00000000f3800000, 0x0000000100000000)
  eden space 275456K, 0% used [0x00000000d5f80000,0x00000000d5f80000,0x00000000e6c80000)
  from space 59904K, 65% used [0x00000000e6c80000,0x00000000e92dee18,0x00000000ea700000)
  to   space 61440K, 0% used [0x00000000efc00000,0x00000000efc00000,0x00000000f3800000)
 ParOldGen       total 174080K, used 161008K [0x0000000081e00000, 0x000000008c800000, 0x00000000d5f80000)
  object space 174080K, 92% used [0x0000000081e00000,0x000000008bb3c2f8,0x000000008c800000)
 Metaspace       used 33067K, capacity 34678K, committed 34816K, reserved 1079296K
  class space    used 4407K, capacity 4748K, committed 4864K, reserved 1048576K
Event: 33.726 GC heap after
Heap after GC invocations=19 (full 4):
 PSYoungGen      total 335360K, used 25349K [0x00000000d5f80000, 0x00000000f3800000, 0x0000000100000000)
  eden space 275456K, 0% used [0x00000000d5f80000,0x00000000d5f80000,0x00000000e6c80000)
  from space 59904K, 42% used [0x00000000e6c80000,0x00000000e8541578,0x00000000ea700000)
  to   space 61440K, 0% used [0x00000000efc00000,0x00000000efc00000,0x00000000f3800000)
 ParOldGen       total 287232K, used 173628K [0x0000000081e00000, 0x0000000093680000, 0x00000000d5f80000)
  object space 287232K, 60% used [0x0000000081e00000,0x000000008c78f008,0x0000000093680000)
 Metaspace       used 33067K, capacity 34678K, committed 34816K, reserved 1079296K
  class space    used 4407K, capacity 4748K, committed 4864K, reserved 1048576K
}
Event: 34.945 GC heap before
{Heap before GC invocations=20 (full 4):
 PSYoungGen      total 335360K, used 300805K [0x00000000d5f80000, 0x00000000f3800000, 0x0000000100000000)
  eden space 275456K, 100% used [0x00000000d5f80000,0x00000000e6c80000,0x00000000e6c80000)
  from space 59904K, 42% used [0x00000000e6c80000,0x00000000e8541578,0x00000000ea700000)
  to   space 61440K, 0% used [0x00000000efc00000,0x00000000efc00000,0x00000000f3800000)
 ParOldGen       total 287232K, used 173628K [0x0000000081e00000, 0x0000000093680000, 0x00000000d5f80000)
  object space 287232K, 60% used [0x0000000081e00000,0x000000008c78f008,0x0000000093680000)
 Metaspace       used 33074K, capacity 34684K, committed 34816K, reserved 1079296K
  class space    used 4408K, capacity 4749K, committed 4864K, reserved 1048576K
Event: 35.081 GC heap after
Heap after GC invocations=20 (full 4):
 PSYoungGen      total 400896K, used 43090K [0x00000000d5f80000, 0x00000000f3000000, 0x0000000100000000)
  eden space 347648K, 0% used [0x00000000d5f80000,0x00000000d5f80000,0x00000000eb300000)
  from space 53248K, 80% used [0x00000000efc00000,0x00000000f2614a40,0x00000000f3000000)
  to   space 64000K, 0% used [0x00000000eb300000,0x00000000eb300000,0x00000000ef180000)
 ParOldGen       total 287232K, used 199124K [0x0000000081e00000, 0x0000000093680000, 0x00000000d5f80000)
  object space 287232K, 69% used [0x0000000081e00000,0x000000008e075008,0x0000000093680000)
 Metaspace       used 33074K, capacity 34684K, committed 34816K, reserved 1079296K
  class space    used 4408K, capacity 4749K, committed 4864K, reserved 1048576K
}
Event: 36.090 GC heap before
{Heap before GC invocations=21 (full 4):
 PSYoungGen      total 400896K, used 390738K [0x00000000d5f80000, 0x00000000f3000000, 0x0000000100000000)
  eden space 347648K, 100% used [0x00000000d5f80000,0x00000000eb300000,0x00000000eb300000)
  from space 53248K, 80% used [0x00000000efc00000,0x00000000f2614a40,0x00000000f3000000)
  to   space 64000K, 0% used [0x00000000eb300000,0x00000000eb300000,0x00000000ef180000)
 ParOldGen       total 287232K, used 199124K [0x0000000081e00000, 0x0000000093680000, 0x00000000d5f80000)
  object space 287232K, 69% used [0x0000000081e00000,0x000000008e075008,0x0000000093680000)
 Metaspace       used 33074K, capacity 34684K, committed 34816K, reserved 1079296K
  class space    used 4408K, capacity 4749K, committed 4864K, reserved 1048576K
Event: 36.191 GC heap after
Heap after GC invocations=21 (full 4):
 PSYoungGen      total 411648K, used 63972K [0x00000000d5f80000, 0x00000000f9100000, 0x0000000100000000)
  eden space 347648K, 0% used [0x00000000d5f80000,0x00000000d5f80000,0x00000000eb300000)
  from space 64000K, 99% used [0x00000000eb300000,0x00000000ef1793b0,0x00000000ef180000)
  to   space 83968K, 0% used [0x00000000f3f00000,0x00000000f3f00000,0x00000000f9100000)
 ParOldGen       total 287232K, used 227668K [0x0000000081e00000, 0x0000000093680000, 0x00000000d5f80000)
  object space 287232K, 79% used [0x0000000081e00000,0x000000008fc55008,0x0000000093680000)
 Metaspace       used 33074K, capacity 34684K, committed 34816K, reserved 1079296K
  class space    used 4408K, capacity 4749K, committed 4864K, reserved 1048576K
}
Event: 36.821 GC heap before
{Heap before GC invocations=22 (full 4):
 PSYoungGen      total 411648K, used 411620K [0x00000000d5f80000, 0x00000000f9100000, 0x0000000100000000)
  eden space 347648K, 100% used [0x00000000d5f80000,0x00000000eb300000,0x00000000eb300000)
  from space 64000K, 99% used [0x00000000eb300000,0x00000000ef1793b0,0x00000000ef180000)
  to   space 83968K, 0% used [0x00000000f3f00000,0x00000000f3f00000,0x00000000f9100000)
 ParOldGen       total 287232K, used 227668K [0x0000000081e00000, 0x0000000093680000, 0x00000000d5f80000)
  object space 287232K, 79% used [0x0000000081e00000,0x000000008fc55008,0x0000000093680000)
 Metaspace       used 33074K, capacity 34684K, committed 34816K, reserved 1079296K
  class space    used 4408K, capacity 4749K, committed 4864K, reserved 1048576K
Event: 37.120 GC heap after
Heap after GC invocations=22 (full 4):
 PSYoungGen      total 490496K, used 49529K [0x00000000d5f80000, 0x00000000fa000000, 0x0000000100000000)
  eden space 406528K, 0% used [0x00000000d5f80000,0x00000000d5f80000,0x00000000eec80000)
  from space 83968K, 58% used [0x00000000f3f00000,0x00000000f6f5e520,0x00000000f9100000)
  to   space 84480K, 0% used [0x00000000eec80000,0x00000000eec80000,0x00000000f3f00000)
 ParOldGen       total 291840K, used 291722K [0x0000000081e00000, 0x0000000093b00000, 0x00000000d5f80000)
  object space 291840K, 99% used [0x0000000081e00000,0x0000000093ae2958,0x0000000093b00000)
 Metaspace       used 33074K, capacity 34684K, committed 34816K, reserved 1079296K
  class space    used 4408K, capacity 4749K, committed 4864K, reserved 1048576K
}
Event: 37.120 GC heap before
{Heap before GC invocations=23 (full 5):
 PSYoungGen      total 490496K, used 49529K [0x00000000d5f80000, 0x00000000fa000000, 0x0000000100000000)
  eden space 406528K, 0% used [0x00000000d5f80000,0x00000000d5f80000,0x00000000eec80000)
  from space 83968K, 58% used [0x00000000f3f00000,0x00000000f6f5e520,0x00000000f9100000)
  to   space 84480K, 0% used [0x00000000eec80000,0x00000000eec80000,0x00000000f3f00000)
 ParOldGen       total 291840K, used 291722K [0x0000000081e00000, 0x0000000093b00000, 0x00000000d5f80000)
  object space 291840K, 99% used [0x0000000081e00000,0x0000000093ae2958,0x0000000093b00000)
 Metaspace       used 33074K, capacity 34684K, committed 34816K, reserved 1079296K
  class space    used 4408K, capacity 4749K, committed 4864K, reserved 1048576K
Event: 38.197 GC heap after
Heap after GC invocations=23 (full 5):
 PSYoungGen      total 490496K, used 0K [0x00000000d5f80000, 0x00000000fa000000, 0x0000000100000000)
  eden space 406528K, 0% used [0x00000000d5f80000,0x00000000d5f80000,0x00000000eec80000)
  from space 83968K, 0% used [0x00000000f3f00000,0x00000000f3f00000,0x00000000f9100000)
  to   space 84480K, 0% used [0x00000000eec80000,0x00000000eec80000,0x00000000f3f00000)
 ParOldGen       total 355840K, used 207376K [0x0000000081e00000, 0x0000000097980000, 0x00000000d5f80000)
  object space 355840K, 58% used [0x0000000081e00000,0x000000008e8842c0,0x0000000097980000)
 Metaspace       used 33074K, capacity 34684K, committed 34816K, reserved 1079296K
  class space    used 4408K, capacity 4749K, committed 4864K, reserved 1048576K
}

