# JRE version: Java(TM) SE Runtime Environment (8.0_152-b16) (build 1.8.0_152-b16)
# Java VM: Java HotSpot(TM) 64-Bit Server VM (25.152-b16 mixed mode windows-amd64 compressed oops)
Heap:
 PSYoungGen      total 79360K, used 19586K [0x00000000d5f80000, 0x00000000e1680000, 0x0000000100000000)
  eden space 57856K, 33% used [0x00000000d5f80000,0x00000000d72a0bf0,0x00000000d9800000)
  from space 21504K, 0% used [0x00000000d9800000,0x00000000d9800000,0x00000000dad00000)
  to   space 37888K, 0% used [0x00000000df180000,0x00000000df180000,0x00000000e1680000)
 ParOldGen       total 56832K, used 56441K [0x0000000081e00000, 0x0000000085580000, 0x00000000d5f80000)
  object space 56832K, 99% used [0x0000000081e00000,0x000000008551e4d8,0x0000000085580000)
 Metaspace       used 34257K, capacity 36198K, committed 36352K, reserved 1081344K
  class space    used 4664K, capacity 5004K, committed 5120K, reserved 1048576K
GC Heap History (10 events):
Event: 16.931 GC heap before
{Heap before GC invocations=6 (full 1):
 PSYoungGen      total 38400K, used 38400K [0x00000000d5f80000, 0x00000000d8a00000, 0x0000000100000000)
  eden space 33280K, 100% used [0x00000000d5f80000,0x00000000d8000000,0x00000000d8000000)
  from space 5120K, 100% used [0x00000000d8500000,0x00000000d8a00000,0x00000000d8a00000)
  to   space 5120K, 0% used [0x00000000d8000000,0x00000000d8000000,0x00000000d8500000)
 ParOldGen       total 56832K, used 15714K [0x0000000081e00000, 0x0000000085580000, 0x00000000d5f80000)
  object space 56832K, 27% used [0x0000000081e00000,0x0000000082d58b00,0x0000000085580000)
 Metaspace       used 31067K, capacity 32184K, committed 32384K, reserved 1077248K
  class space    used 4195K, capacity 4437K, committed 4480K, reserved 1048576K
Event: 16.958 GC heap after
Heap after GC invocations=6 (full 1):
 PSYoungGen      total 38400K, used 5088K [0x00000000d5f80000, 0x00000000dbf80000, 0x0000000100000000)
  eden space 33280K, 0% used [0x00000000d5f80000,0x00000000d5f80000,0x00000000d8000000)
  from space 5120K, 99% used [0x00000000d8000000,0x00000000d84f8010,0x00000000d8500000)
  to   space 18944K, 0% used [0x00000000dad00000,0x00000000dad00000,0x00000000dbf80000)
 ParOldGen       total 56832K, used 27179K [0x0000000081e00000, 0x0000000085580000, 0x00000000d5f80000)
  object space 56832K, 47% used [0x0000000081e00000,0x000000008388af90,0x0000000085580000)
 Metaspace       used 31067K, capacity 32184K, committed 32384K, reserved 1077248K
  class space    used 4195K, capacity 4437K, committed 4480K, reserved 1048576K
}
Event: 17.833 GC heap before
{Heap before GC invocations=7 (full 1):
 PSYoungGen      total 38400K, used 38368K [0x00000000d5f80000, 0x00000000dbf80000, 0x0000000100000000)
  eden space 33280K, 100% used [0x00000000d5f80000,0x00000000d8000000,0x00000000d8000000)
  from space 5120K, 99% used [0x00000000d8000000,0x00000000d84f8010,0x00000000d8500000)
  to   space 18944K, 0% used [0x00000000dad00000,0x00000000dad00000,0x00000000dbf80000)
 ParOldGen       total 56832K, used 27179K [0x0000000081e00000, 0x0000000085580000, 0x00000000d5f80000)
  object space 56832K, 47% used [0x0000000081e00000,0x000000008388af90,0x0000000085580000)
 Metaspace       used 31932K, capacity 33222K, committed 33280K, reserved 1077248K
  class space    used 4311K, capacity 4554K, committed 4608K, reserved 1048576K
Event: 17.882 GC heap after
Heap after GC invocations=7 (full 1):
 PSYoungGen      total 76800K, used 17053K [0x00000000d5f80000, 0x00000000dc700000, 0x0000000100000000)
  eden space 57856K, 0% used [0x00000000d5f80000,0x00000000d5f80000,0x00000000d9800000)
  from space 18944K, 90% used [0x00000000dad00000,0x00000000dbda7600,0x00000000dbf80000)
  to   space 21504K, 0% used [0x00000000d9800000,0x00000000d9800000,0x00000000dad00000)
 ParOldGen       total 56832K, used 27179K [0x0000000081e00000, 0x0000000085580000, 0x00000000d5f80000)
  object space 56832K, 47% used [0x0000000081e00000,0x000000008388af90,0x0000000085580000)
 Metaspace       used 31932K, capacity 33222K, committed 33280K, reserved 1077248K
  class space    used 4311K, capacity 4554K, committed 4608K, reserved 1048576K
}
Event: 19.649 GC heap before
{Heap before GC invocations=8 (full 1):
 PSYoungGen      total 76800K, used 74909K [0x00000000d5f80000, 0x00000000dc700000, 0x0000000100000000)
  eden space 57856K, 100% used [0x00000000d5f80000,0x00000000d9800000,0x00000000d9800000)
  from space 18944K, 90% used [0x00000000dad00000,0x00000000dbda7600,0x00000000dbf80000)
  to   space 21504K, 0% used [0x00000000d9800000,0x00000000d9800000,0x00000000dad00000)
 ParOldGen       total 56832K, used 27179K [0x0000000081e00000, 0x0000000085580000, 0x00000000d5f80000)
  object space 56832K, 47% used [0x0000000081e00000,0x000000008388af90,0x0000000085580000)
 Metaspace       used 32303K, capacity 33674K, committed 33920K, reserved 1079296K
  class space    used 4345K, capacity 4624K, committed 4736K, reserved 1048576K
Event: 19.776 GC heap after
Heap after GC invocations=8 (full 1):
 PSYoungGen      total 79360K, used 21474K [0x00000000d5f80000, 0x00000000e1680000, 0x0000000100000000)
  eden space 57856K, 0% used [0x00000000d5f80000,0x00000000d5f80000,0x00000000d9800000)
  from space 21504K, 99% used [0x00000000d9800000,0x00000000dacf88d0,0x00000000dad00000)
  to   space 37888K, 0% used [0x00000000df180000,0x00000000df180000,0x00000000e1680000)
 ParOldGen       total 56832K, used 51728K [0x0000000081e00000, 0x0000000085580000, 0x00000000d5f80000)
  object space 56832K, 91% used [0x0000000081e00000,0x0000000085084160,0x0000000085580000)
 Metaspace       used 32303K, capacity 33674K, committed 33920K, reserved 1079296K
  class space    used 4345K, capacity 4624K, committed 4736K, reserved 1048576K
}
Event: 19.777 GC heap before
{Heap before GC invocations=9 (full 2):
 PSYoungGen      total 79360K, used 21474K [0x00000000d5f80000, 0x00000000e1680000, 0x0000000100000000)
  eden space 57856K, 0% used [0x00000000d5f80000,0x00000000d5f80000,0x00000000d9800000)
  from space 21504K, 99% used [0x00000000d9800000,0x00000000dacf88d0,0x00000000dad00000)
  to   space 37888K, 0% used [0x00000000df180000,0x00000000df180000,0x00000000e1680000)
 ParOldGen       total 56832K, used 51728K [0x0000000081e00000, 0x0000000085580000, 0x00000000d5f80000)
  object space 56832K, 91% used [0x0000000081e00000,0x0000000085084160,0x0000000085580000)
 Metaspace       used 32303K, capacity 33674K, committed 33920K, reserved 1079296K
  class space    used 4345K, capacity 4624K, committed 4736K, reserved 1048576K
Event: 20.256 GC heap after
Heap after GC invocations=9 (full 2):
 PSYoungGen      total 79360K, used 0K [0x00000000d5f80000, 0x00000000e1680000, 0x0000000100000000)
  eden space 57856K, 0% used [0x00000000d5f80000,0x00000000d5f80000,0x00000000d9800000)
  from space 21504K, 0% used [0x00000000d9800000,0x00000000d9800000,0x00000000dad00000)
  to   space 37888K, 0% used [0x00000000df180000,0x00000000df180000,0x00000000e1680000)
 ParOldGen       total 56832K, used 52232K [0x0000000081e00000, 0x0000000085580000, 0x00000000d5f80000)
  object space 56832K, 91% used [0x0000000081e00000,0x0000000085102270,0x0000000085580000)
 Metaspace       used 32299K, capacity 33668K, committed 33920K, reserved 1079296K
  class space    used 4345K, capacity 4623K, committed 4736K, reserved 1048576K
}
Event: 22.691 GC heap before
{Heap before GC invocations=10 (full 3):
 PSYoungGen      total 79360K, used 57856K [0x00000000d5f80000, 0x00000000e1680000, 0x0000000100000000)
  eden space 57856K, 100% used [0x00000000d5f80000,0x00000000d9800000,0x00000000d9800000)
  from space 21504K, 0% used [0x00000000d9800000,0x00000000d9800000,0x00000000dad00000)
  to   space 37888K, 0% used [0x00000000df180000,0x00000000df180000,0x00000000e1680000)
 ParOldGen       total 56832K, used 52232K [0x0000000081e00000, 0x0000000085580000, 0x00000000d5f80000)
  object space 56832K, 91% used [0x0000000081e00000,0x0000000085102270,0x0000000085580000)
 Metaspace       used 33932K, capacity 35814K, committed 35968K, reserved 1081344K
  class space    used 4617K, capacity 4972K, committed 4992K, reserved 1048576K
Event: 23.338 GC heap after
Heap after GC invocations=10 (full 3):
 PSYoungGen      total 79360K, used 8588K [0x00000000d5f80000, 0x00000000e1680000, 0x0000000100000000)
  eden space 57856K, 14% used [0x00000000d5f80000,0x00000000d67e3240,0x00000000d9800000)
  from space 21504K, 0% used [0x00000000d9800000,0x00000000d9800000,0x00000000dad00000)
  to   space 37888K, 0% used [0x00000000df180000,0x00000000df180000,0x00000000e1680000)
 ParOldGen       total 56832K, used 56441K [0x0000000081e00000, 0x0000000085580000, 0x00000000d5f80000)
  object space 56832K, 99% used [0x0000000081e00000,0x000000008551e4d8,0x0000000085580000)
 Metaspace       used 33932K, capacity 35814K, committed 35968K, reserved 1081344K
  class space    used 4617K, capacity 4972K, committed 4992K, reserved 1048576K
}

