# JRE version: Java(TM) SE Runtime Environment (8.0_152-b16) (build 1.8.0_152-b16)
# Java VM: Java HotSpot(TM) 64-Bit Server VM (25.152-b16 mixed mode windows-amd64 compressed oops)
Heap:
 PSYoungGen      total 142848K, used 84581K [0x00000000d5f80000, 0x00000000e1780000, 0x0000000100000000)
  eden space 103936K, 81% used [0x00000000d5f80000,0x00000000db219758,0x00000000dc500000)
  from space 38912K, 0% used [0x00000000ded80000,0x00000000ded80000,0x00000000e1380000)
  to   space 41472K, 0% used [0x00000000dc500000,0x00000000dc500000,0x00000000ded80000)
 ParOldGen       total 168960K, used 68376K [0x0000000081e00000, 0x000000008c300000, 0x00000000d5f80000)
  object space 168960K, 40% used [0x0000000081e00000,0x00000000860c60d8,0x000000008c300000)
 Metaspace       used 34922K, capacity 37312K, committed 37376K, reserved 1081344K
  class space    used 4683K, capacity 5117K, committed 5120K, reserved 1048576K
GC Heap History (10 events):
Event: 13.532 GC heap before
{Heap before GC invocations=6 (full 1):
 PSYoungGen      total 52736K, used 52720K [0x00000000d5f80000, 0x00000000d9900000, 0x0000000100000000)
  eden space 47616K, 100% used [0x00000000d5f80000,0x00000000d8e00000,0x00000000d8e00000)
  from space 5120K, 99% used [0x00000000d9300000,0x00000000d97fc010,0x00000000d9800000)
  to   space 5120K, 0% used [0x00000000d8e00000,0x00000000d8e00000,0x00000000d9300000)
 ParOldGen       total 76800K, used 19775K [0x0000000081e00000, 0x0000000086900000, 0x00000000d5f80000)
  object space 76800K, 25% used [0x0000000081e00000,0x000000008314fcc0,0x0000000086900000)
 Metaspace       used 29831K, capacity 31028K, committed 31232K, reserved 1077248K
  class space    used 4057K, capacity 4297K, committed 4352K, reserved 1048576K
Event: 13.578 GC heap after
Heap after GC invocations=6 (full 1):
 PSYoungGen      total 52736K, used 5088K [0x00000000d5f80000, 0x00000000dd500000, 0x0000000100000000)
  eden space 47616K, 0% used [0x00000000d5f80000,0x00000000d5f80000,0x00000000d8e00000)
  from space 5120K, 99% used [0x00000000d8e00000,0x00000000d92f8010,0x00000000d9300000)
  to   space 24576K, 0% used [0x00000000dbd00000,0x00000000dbd00000,0x00000000dd500000)
 ParOldGen       total 76800K, used 35955K [0x0000000081e00000, 0x0000000086900000, 0x00000000d5f80000)
  object space 76800K, 46% used [0x0000000081e00000,0x000000008411cd50,0x0000000086900000)
 Metaspace       used 29831K, capacity 31028K, committed 31232K, reserved 1077248K
  class space    used 4057K, capacity 4297K, committed 4352K, reserved 1048576K
}
Event: 15.288 GC heap before
{Heap before GC invocations=7 (full 1):
 PSYoungGen      total 52736K, used 52704K [0x00000000d5f80000, 0x00000000dd500000, 0x0000000100000000)
  eden space 47616K, 100% used [0x00000000d5f80000,0x00000000d8e00000,0x00000000d8e00000)
  from space 5120K, 99% used [0x00000000d8e00000,0x00000000d92f8010,0x00000000d9300000)
  to   space 24576K, 0% used [0x00000000dbd00000,0x00000000dbd00000,0x00000000dd500000)
 ParOldGen       total 76800K, used 35955K [0x0000000081e00000, 0x0000000086900000, 0x00000000d5f80000)
  object space 76800K, 46% used [0x0000000081e00000,0x000000008411cd50,0x0000000086900000)
 Metaspace       used 30599K, capacity 31964K, committed 32128K, reserved 1077248K
  class space    used 4160K, capacity 4463K, committed 4480K, reserved 1048576K
Event: 15.344 GC heap after
Heap after GC invocations=7 (full 1):
 PSYoungGen      total 93184K, used 20034K [0x00000000d5f80000, 0x00000000ddb80000, 0x0000000100000000)
  eden space 68608K, 0% used [0x00000000d5f80000,0x00000000d5f80000,0x00000000da280000)
  from space 24576K, 81% used [0x00000000dbd00000,0x00000000dd0908c0,0x00000000dd500000)
  to   space 27136K, 0% used [0x00000000da280000,0x00000000da280000,0x00000000dbd00000)
 ParOldGen       total 76800K, used 35955K [0x0000000081e00000, 0x0000000086900000, 0x00000000d5f80000)
  object space 76800K, 46% used [0x0000000081e00000,0x000000008411cd50,0x0000000086900000)
 Metaspace       used 30599K, capacity 31964K, committed 32128K, reserved 1077248K
  class space    used 4160K, capacity 4463K, committed 4480K, reserved 1048576K
}
Event: 17.656 GC heap before
{Heap before GC invocations=8 (full 1):
 PSYoungGen      total 93184K, used 88642K [0x00000000d5f80000, 0x00000000ddb80000, 0x0000000100000000)
  eden space 68608K, 100% used [0x00000000d5f80000,0x00000000da280000,0x00000000da280000)
  from space 24576K, 81% used [0x00000000dbd00000,0x00000000dd0908c0,0x00000000dd500000)
  to   space 27136K, 0% used [0x00000000da280000,0x00000000da280000,0x00000000dbd00000)
 ParOldGen       total 76800K, used 35955K [0x0000000081e00000, 0x0000000086900000, 0x00000000d5f80000)
  object space 76800K, 46% used [0x0000000081e00000,0x000000008411cd50,0x0000000086900000)
 Metaspace       used 31184K, capacity 32762K, committed 33024K, reserved 1077248K
  class space    used 4219K, capacity 4532K, committed 4608K, reserved 1048576K
Event: 17.727 GC heap after
Heap after GC invocations=8 (full 1):
 PSYoungGen      total 95744K, used 27132K [0x00000000d5f80000, 0x00000000e1380000, 0x0000000100000000)
  eden space 68608K, 0% used [0x00000000d5f80000,0x00000000d5f80000,0x00000000da280000)
  from space 27136K, 99% used [0x00000000da280000,0x00000000dbcff0c0,0x00000000dbd00000)
  to   space 38912K, 0% used [0x00000000ded80000,0x00000000ded80000,0x00000000e1380000)
 ParOldGen       total 76800K, used 48495K [0x0000000081e00000, 0x0000000086900000, 0x00000000d5f80000)
  object space 76800K, 63% used [0x0000000081e00000,0x0000000084d5bda8,0x0000000086900000)
 Metaspace       used 31184K, capacity 32762K, committed 33024K, reserved 1077248K
  class space    used 4219K, capacity 4532K, committed 4608K, reserved 1048576K
}
Event: 20.524 GC heap before
{Heap before GC invocations=9 (full 1):
 PSYoungGen      total 95744K, used 57302K [0x00000000d5f80000, 0x00000000e1380000, 0x0000000100000000)
  eden space 68608K, 43% used [0x00000000d5f80000,0x00000000d7cf6ab0,0x00000000da280000)
  from space 27136K, 99% used [0x00000000da280000,0x00000000dbcff0c0,0x00000000dbd00000)
  to   space 38912K, 0% used [0x00000000ded80000,0x00000000ded80000,0x00000000e1380000)
 ParOldGen       total 76800K, used 48495K [0x0000000081e00000, 0x0000000086900000, 0x00000000d5f80000)
  object space 76800K, 63% used [0x0000000081e00000,0x0000000084d5bda8,0x0000000086900000)
 Metaspace       used 33167K, capacity 35368K, committed 35456K, reserved 1079296K
  class space    used 4539K, capacity 4963K, committed 4992K, reserved 1048576K
Event: 20.580 GC heap after
Heap after GC invocations=9 (full 1):
 PSYoungGen      total 142848K, used 28814K [0x00000000d5f80000, 0x00000000e1780000, 0x0000000100000000)
  eden space 103936K, 0% used [0x00000000d5f80000,0x00000000d5f80000,0x00000000dc500000)
  from space 38912K, 74% used [0x00000000ded80000,0x00000000e09a3a18,0x00000000e1380000)
  to   space 41472K, 0% used [0x00000000dc500000,0x00000000dc500000,0x00000000ded80000)
 ParOldGen       total 76800K, used 52077K [0x0000000081e00000, 0x0000000086900000, 0x00000000d5f80000)
  object space 76800K, 67% used [0x0000000081e00000,0x00000000850db750,0x0000000086900000)
 Metaspace       used 33167K, capacity 35368K, committed 35456K, reserved 1079296K
  class space    used 4539K, capacity 4963K, committed 4992K, reserved 1048576K
}
Event: 20.580 GC heap before
{Heap before GC invocations=10 (full 2):
 PSYoungGen      total 142848K, used 28814K [0x00000000d5f80000, 0x00000000e1780000, 0x0000000100000000)
  eden space 103936K, 0% used [0x00000000d5f80000,0x00000000d5f80000,0x00000000dc500000)
  from space 38912K, 74% used [0x00000000ded80000,0x00000000e09a3a18,0x00000000e1380000)
  to   space 41472K, 0% used [0x00000000dc500000,0x00000000dc500000,0x00000000ded80000)
 ParOldGen       total 76800K, used 52077K [0x0000000081e00000, 0x0000000086900000, 0x00000000d5f80000)
  object space 76800K, 67% used [0x0000000081e00000,0x00000000850db750,0x0000000086900000)
 Metaspace       used 33167K, capacity 35368K, committed 35456K, reserved 1079296K
  class space    used 4539K, capacity 4963K, committed 4992K, reserved 1048576K
Event: 21.255 GC heap after
Heap after GC invocations=10 (full 2):
 PSYoungGen      total 142848K, used 0K [0x00000000d5f80000, 0x00000000e1780000, 0x0000000100000000)
  eden space 103936K, 0% used [0x00000000d5f80000,0x00000000d5f80000,0x00000000dc500000)
  from space 38912K, 0% used [0x00000000ded80000,0x00000000ded80000,0x00000000e1380000)
  to   space 41472K, 0% used [0x00000000dc500000,0x00000000dc500000,0x00000000ded80000)
 ParOldGen       total 168960K, used 68376K [0x0000000081e00000, 0x000000008c300000, 0x00000000d5f80000)
  object space 168960K, 40% used [0x0000000081e00000,0x00000000860c60d8,0x000000008c300000)
 Metaspace       used 33167K, capacity 35368K, committed 35456K, reserved 1079296K
  class space    used 4539K, capacity 4963K, committed 4992K, reserved 1048576K
}

