# JRE version: Java(TM) SE Runtime Environment (8.0_152-b16) (build 1.8.0_152-b16)
# Java VM: Java HotSpot(TM) 64-Bit Server VM (25.152-b16 mixed mode windows-amd64 compressed oops)
Heap:
 PSYoungGen      total 123392K, used 73118K [0x00000000d5f80000, 0x00000000df480000, 0x0000000100000000)
  eden space 101888K, 71% used [0x00000000d5f80000,0x00000000da6e7b68,0x00000000dc300000)
  from space 21504K, 0% used [0x00000000dd980000,0x00000000dd980000,0x00000000dee80000)
  to   space 23040K, 0% used [0x00000000dc300000,0x00000000dc300000,0x00000000dd980000)
 ParOldGen       total 104448K, used 44680K [0x0000000081e00000, 0x0000000088400000, 0x00000000d5f80000)
  object space 104448K, 42% used [0x0000000081e00000,0x00000000849a2060,0x0000000088400000)
 Metaspace       used 35102K, capacity 37566K, committed 37760K, reserved 1081344K
  class space    used 4738K, capacity 5182K, committed 5248K, reserved 1048576K
GC Heap History (10 events):
Event: 11.154 GC heap before
{Heap before GC invocations=6 (full 1):
 PSYoungGen      total 38400K, used 38384K [0x00000000d5f80000, 0x00000000d9e80000, 0x0000000100000000)
  eden space 33280K, 100% used [0x00000000d5f80000,0x00000000d8000000,0x00000000d8000000)
  from space 5120K, 99% used [0x00000000d8500000,0x00000000d89fc010,0x00000000d8a00000)
  to   space 5120K, 0% used [0x00000000d8000000,0x00000000d8000000,0x00000000d8500000)
 ParOldGen       total 57344K, used 15034K [0x0000000081e00000, 0x0000000085600000, 0x00000000d5f80000)
  object space 57344K, 26% used [0x0000000081e00000,0x0000000082caeb20,0x0000000085600000)
 Metaspace       used 31103K, capacity 32378K, committed 32640K, reserved 1077248K
  class space    used 4193K, capacity 4460K, committed 4480K, reserved 1048576K
Event: 11.166 GC heap after
Heap after GC invocations=6 (full 1):
 PSYoungGen      total 38400K, used 5111K [0x00000000d5f80000, 0x00000000db600000, 0x0000000100000000)
  eden space 33280K, 0% used [0x00000000d5f80000,0x00000000d5f80000,0x00000000d8000000)
  from space 5120K, 99% used [0x00000000d8000000,0x00000000d84fdec0,0x00000000d8500000)
  to   space 15872K, 0% used [0x00000000da680000,0x00000000da680000,0x00000000db600000)
 ParOldGen       total 57344K, used 22020K [0x0000000081e00000, 0x0000000085600000, 0x00000000d5f80000)
  object space 57344K, 38% used [0x0000000081e00000,0x00000000833811a0,0x0000000085600000)
 Metaspace       used 31103K, capacity 32378K, committed 32640K, reserved 1077248K
  class space    used 4193K, capacity 4460K, committed 4480K, reserved 1048576K
}
Event: 11.552 GC heap before
{Heap before GC invocations=7 (full 1):
 PSYoungGen      total 38400K, used 38248K [0x00000000d5f80000, 0x00000000db600000, 0x0000000100000000)
  eden space 33280K, 99% used [0x00000000d5f80000,0x00000000d7fdc1b8,0x00000000d8000000)
  from space 5120K, 99% used [0x00000000d8000000,0x00000000d84fdec0,0x00000000d8500000)
  to   space 15872K, 0% used [0x00000000da680000,0x00000000da680000,0x00000000db600000)
 ParOldGen       total 57344K, used 22020K [0x0000000081e00000, 0x0000000085600000, 0x00000000d5f80000)
  object space 57344K, 38% used [0x0000000081e00000,0x00000000833811a0,0x0000000085600000)
 Metaspace       used 31501K, capacity 32872K, committed 33024K, reserved 1077248K
  class space    used 4242K, capacity 4513K, committed 4608K, reserved 1048576K
Event: 11.564 GC heap after
Heap after GC invocations=7 (full 1):
 PSYoungGen      total 72704K, used 10358K [0x00000000d5f80000, 0x00000000db900000, 0x0000000100000000)
  eden space 56832K, 0% used [0x00000000d5f80000,0x00000000d5f80000,0x00000000d9700000)
  from space 15872K, 65% used [0x00000000da680000,0x00000000db09d950,0x00000000db600000)
  to   space 15872K, 0% used [0x00000000d9700000,0x00000000d9700000,0x00000000da680000)
 ParOldGen       total 57344K, used 22028K [0x0000000081e00000, 0x0000000085600000, 0x00000000d5f80000)
  object space 57344K, 38% used [0x0000000081e00000,0x00000000833831a0,0x0000000085600000)
 Metaspace       used 31501K, capacity 32872K, committed 33024K, reserved 1077248K
  class space    used 4242K, capacity 4513K, committed 4608K, reserved 1048576K
}
Event: 12.225 GC heap before
{Heap before GC invocations=8 (full 1):
 PSYoungGen      total 72704K, used 67190K [0x00000000d5f80000, 0x00000000db900000, 0x0000000100000000)
  eden space 56832K, 100% used [0x00000000d5f80000,0x00000000d9700000,0x00000000d9700000)
  from space 15872K, 65% used [0x00000000da680000,0x00000000db09d950,0x00000000db600000)
  to   space 15872K, 0% used [0x00000000d9700000,0x00000000d9700000,0x00000000da680000)
 ParOldGen       total 57344K, used 22028K [0x0000000081e00000, 0x0000000085600000, 0x00000000d5f80000)
  object space 57344K, 38% used [0x0000000081e00000,0x00000000833831a0,0x0000000085600000)
 Metaspace       used 31947K, capacity 33510K, committed 33536K, reserved 1079296K
  class space    used 4287K, capacity 4604K, committed 4608K, reserved 1048576K
Event: 12.243 GC heap after
Heap after GC invocations=8 (full 1):
 PSYoungGen      total 72704K, used 15851K [0x00000000d5f80000, 0x00000000dee80000, 0x0000000100000000)
  eden space 56832K, 0% used [0x00000000d5f80000,0x00000000d5f80000,0x00000000d9700000)
  from space 15872K, 99% used [0x00000000d9700000,0x00000000da67acd8,0x00000000da680000)
  to   space 21504K, 0% used [0x00000000dd980000,0x00000000dd980000,0x00000000dee80000)
 ParOldGen       total 57344K, used 29047K [0x0000000081e00000, 0x0000000085600000, 0x00000000d5f80000)
  object space 57344K, 50% used [0x0000000081e00000,0x0000000083a5dce0,0x0000000085600000)
 Metaspace       used 31947K, capacity 33510K, committed 33536K, reserved 1079296K
  class space    used 4287K, capacity 4604K, committed 4608K, reserved 1048576K
}
Event: 12.629 GC heap before
{Heap before GC invocations=9 (full 1):
 PSYoungGen      total 72704K, used 32564K [0x00000000d5f80000, 0x00000000dee80000, 0x0000000100000000)
  eden space 56832K, 29% used [0x00000000d5f80000,0x00000000d6fd2508,0x00000000d9700000)
  from space 15872K, 99% used [0x00000000d9700000,0x00000000da67acd8,0x00000000da680000)
  to   space 21504K, 0% used [0x00000000dd980000,0x00000000dd980000,0x00000000dee80000)
 ParOldGen       total 57344K, used 29047K [0x0000000081e00000, 0x0000000085600000, 0x00000000d5f80000)
  object space 57344K, 50% used [0x0000000081e00000,0x0000000083a5dce0,0x0000000085600000)
 Metaspace       used 33472K, capacity 35412K, committed 35456K, reserved 1079296K
  class space    used 4563K, capacity 4961K, committed 4992K, reserved 1048576K
Event: 12.652 GC heap after
Heap after GC invocations=9 (full 1):
 PSYoungGen      total 123392K, used 16217K [0x00000000d5f80000, 0x00000000df480000, 0x0000000100000000)
  eden space 101888K, 0% used [0x00000000d5f80000,0x00000000d5f80000,0x00000000dc300000)
  from space 21504K, 75% used [0x00000000dd980000,0x00000000de9565e8,0x00000000dee80000)
  to   space 23040K, 0% used [0x00000000dc300000,0x00000000dc300000,0x00000000dd980000)
 ParOldGen       total 57344K, used 32477K [0x0000000081e00000, 0x0000000085600000, 0x00000000d5f80000)
  object space 57344K, 56% used [0x0000000081e00000,0x0000000083db7678,0x0000000085600000)
 Metaspace       used 33472K, capacity 35412K, committed 35456K, reserved 1079296K
  class space    used 4563K, capacity 4961K, committed 4992K, reserved 1048576K
}
Event: 12.652 GC heap before
{Heap before GC invocations=10 (full 2):
 PSYoungGen      total 123392K, used 16217K [0x00000000d5f80000, 0x00000000df480000, 0x0000000100000000)
  eden space 101888K, 0% used [0x00000000d5f80000,0x00000000d5f80000,0x00000000dc300000)
  from space 21504K, 75% used [0x00000000dd980000,0x00000000de9565e8,0x00000000dee80000)
  to   space 23040K, 0% used [0x00000000dc300000,0x00000000dc300000,0x00000000dd980000)
 ParOldGen       total 57344K, used 32477K [0x0000000081e00000, 0x0000000085600000, 0x00000000d5f80000)
  object space 57344K, 56% used [0x0000000081e00000,0x0000000083db7678,0x0000000085600000)
 Metaspace       used 33472K, capacity 35412K, committed 35456K, reserved 1079296K
  class space    used 4563K, capacity 4961K, committed 4992K, reserved 1048576K
Event: 12.828 GC heap after
Heap after GC invocations=10 (full 2):
 PSYoungGen      total 123392K, used 0K [0x00000000d5f80000, 0x00000000df480000, 0x0000000100000000)
  eden space 101888K, 0% used [0x00000000d5f80000,0x00000000d5f80000,0x00000000dc300000)
  from space 21504K, 0% used [0x00000000dd980000,0x00000000dd980000,0x00000000dee80000)
  to   space 23040K, 0% used [0x00000000dc300000,0x00000000dc300000,0x00000000dd980000)
 ParOldGen       total 104448K, used 44680K [0x0000000081e00000, 0x0000000088400000, 0x00000000d5f80000)
  object space 104448K, 42% used [0x0000000081e00000,0x00000000849a2060,0x0000000088400000)
 Metaspace       used 33472K, capacity 35412K, committed 35456K, reserved 1079296K
  class space    used 4563K, capacity 4961K, committed 4992K, reserved 1048576K
}

