# JRE version: Java(TM) SE Runtime Environment (8.0_152-b16) (build 1.8.0_152-b16)
# Java VM: Java HotSpot(TM) 64-Bit Server VM (25.152-b16 mixed mode windows-amd64 compressed oops)
Heap:
 PSYoungGen      total 443904K, used 252522K [0x00000000d5f80000, 0x00000000f6100000, 0x0000000100000000)
  eden space 379392K, 66% used [0x00000000d5f80000,0x00000000e561a930,0x00000000ed200000)
  from space 64512K, 0% used [0x00000000f2200000,0x00000000f2200000,0x00000000f6100000)
  to   space 73216K, 0% used [0x00000000ed200000,0x00000000ed200000,0x00000000f1980000)
 ParOldGen       total 406528K, used 188931K [0x0000000081e00000, 0x000000009ab00000, 0x00000000d5f80000)
  object space 406528K, 46% used [0x0000000081e00000,0x000000008d680c18,0x000000009ab00000)
 Metaspace       used 36776K, capacity 39230K, committed 39424K, reserved 1083392K
  class space    used 4856K, capacity 5290K, committed 5376K, reserved 1048576K
GC Heap History (10 events):
Event: 19.758 GC heap before
{Heap before GC invocations=19 (full 4):
 PSYoungGen      total 369664K, used 42843K [0x00000000d5f80000, 0x00000000f6680000, 0x0000000100000000)
  eden space 300544K, 0% used [0x00000000d5f80000,0x00000000d5f80000,0x00000000e8500000)
  from space 69120K, 61% used [0x00000000e8500000,0x00000000eaed6e18,0x00000000ec880000)
  to   space 70144K, 0% used [0x00000000f2200000,0x00000000f2200000,0x00000000f6680000)
 ParOldGen       total 273408K, used 230303K [0x0000000081e00000, 0x0000000092900000, 0x00000000d5f80000)
  object space 273408K, 84% used [0x0000000081e00000,0x000000008fee7c70,0x0000000092900000)
 Metaspace       used 32909K, capacity 34552K, committed 34816K, reserved 1079296K
  class space    used 4412K, capacity 4749K, committed 4864K, reserved 1048576K
Event: 20.238 GC heap after
Heap after GC invocations=19 (full 4):
 PSYoungGen      total 369664K, used 0K [0x00000000d5f80000, 0x00000000f6680000, 0x0000000100000000)
  eden space 300544K, 0% used [0x00000000d5f80000,0x00000000d5f80000,0x00000000e8500000)
  from space 69120K, 0% used [0x00000000e8500000,0x00000000e8500000,0x00000000ec880000)
  to   space 70144K, 0% used [0x00000000f2200000,0x00000000f2200000,0x00000000f6680000)
 ParOldGen       total 314368K, used 147786K [0x0000000081e00000, 0x0000000095100000, 0x00000000d5f80000)
  object space 314368K, 47% used [0x0000000081e00000,0x000000008ae52938,0x0000000095100000)
 Metaspace       used 32909K, capacity 34552K, committed 34816K, reserved 1079296K
  class space    used 4412K, capacity 4749K, committed 4864K, reserved 1048576K
}
Event: 21.658 GC heap before
{Heap before GC invocations=20 (full 4):
 PSYoungGen      total 369664K, used 300544K [0x00000000d5f80000, 0x00000000f6680000, 0x0000000100000000)
  eden space 300544K, 100% used [0x00000000d5f80000,0x00000000e8500000,0x00000000e8500000)
  from space 69120K, 0% used [0x00000000e8500000,0x00000000e8500000,0x00000000ec880000)
  to   space 70144K, 0% used [0x00000000f2200000,0x00000000f2200000,0x00000000f6680000)
 ParOldGen       total 314368K, used 147786K [0x0000000081e00000, 0x0000000095100000, 0x00000000d5f80000)
  object space 314368K, 47% used [0x0000000081e00000,0x000000008ae52938,0x0000000095100000)
 Metaspace       used 34353K, capacity 36406K, committed 36608K, reserved 1081344K
  class space    used 4677K, capacity 5054K, committed 5120K, reserved 1048576K
Event: 21.751 GC heap after
Heap after GC invocations=20 (full 4):
 PSYoungGen      total 443904K, used 50005K [0x00000000d5f80000, 0x00000000f6100000, 0x0000000100000000)
  eden space 379392K, 0% used [0x00000000d5f80000,0x00000000d5f80000,0x00000000ed200000)
  from space 64512K, 77% used [0x00000000f2200000,0x00000000f52d5738,0x00000000f6100000)
  to   space 73216K, 0% used [0x00000000ed200000,0x00000000ed200000,0x00000000f1980000)
 ParOldGen       total 314368K, used 147794K [0x0000000081e00000, 0x0000000095100000, 0x00000000d5f80000)
  object space 314368K, 47% used [0x0000000081e00000,0x000000008ae54938,0x0000000095100000)
 Metaspace       used 34353K, capacity 36406K, committed 36608K, reserved 1081344K
  class space    used 4677K, capacity 5054K, committed 5120K, reserved 1048576K
}
Event: 29.082 GC heap before
{Heap before GC invocations=21 (full 4):
 PSYoungGen      total 443904K, used 429397K [0x00000000d5f80000, 0x00000000f6100000, 0x0000000100000000)
  eden space 379392K, 100% used [0x00000000d5f80000,0x00000000ed200000,0x00000000ed200000)
  from space 64512K, 77% used [0x00000000f2200000,0x00000000f52d5738,0x00000000f6100000)
  to   space 73216K, 0% used [0x00000000ed200000,0x00000000ed200000,0x00000000f1980000)
 ParOldGen       total 314368K, used 147794K [0x0000000081e00000, 0x0000000095100000, 0x00000000d5f80000)
  object space 314368K, 47% used [0x0000000081e00000,0x000000008ae54938,0x0000000095100000)
 Metaspace       used 36684K, capacity 39020K, committed 39168K, reserved 1083392K
  class space    used 4836K, capacity 5255K, committed 5376K, reserved 1048576K
Event: 29.216 GC heap after
Heap after GC invocations=21 (full 4):
 PSYoungGen      total 452608K, used 73197K [0x00000000d5f80000, 0x00000000f6100000, 0x0000000100000000)
  eden space 379392K, 0% used [0x00000000d5f80000,0x00000000d5f80000,0x00000000ed200000)
  from space 73216K, 99% used [0x00000000ed200000,0x00000000f197b700,0x00000000f1980000)
  to   space 64512K, 0% used [0x00000000f2200000,0x00000000f2200000,0x00000000f6100000)
 ParOldGen       total 314368K, used 191364K [0x0000000081e00000, 0x0000000095100000, 0x00000000d5f80000)
  object space 314368K, 60% used [0x0000000081e00000,0x000000008d8e10a0,0x0000000095100000)
 Metaspace       used 36684K, capacity 39020K, committed 39168K, reserved 1083392K
  class space    used 4836K, capacity 5255K, committed 5376K, reserved 1048576K
}
Event: 29.990 GC heap before
{Heap before GC invocations=22 (full 4):
 PSYoungGen      total 452608K, used 452589K [0x00000000d5f80000, 0x00000000f6100000, 0x0000000100000000)
  eden space 379392K, 100% used [0x00000000d5f80000,0x00000000ed200000,0x00000000ed200000)
  from space 73216K, 99% used [0x00000000ed200000,0x00000000f197b700,0x00000000f1980000)
  to   space 64512K, 0% used [0x00000000f2200000,0x00000000f2200000,0x00000000f6100000)
 ParOldGen       total 314368K, used 191364K [0x0000000081e00000, 0x0000000095100000, 0x00000000d5f80000)
  object space 314368K, 60% used [0x0000000081e00000,0x000000008d8e10a0,0x0000000095100000)
 Metaspace       used 36684K, capacity 39020K, committed 39168K, reserved 1083392K
  class space    used 4836K, capacity 5255K, committed 5376K, reserved 1048576K
Event: 30.131 GC heap after
Heap after GC invocations=22 (full 4):
 PSYoungGen      total 443904K, used 54011K [0x00000000d5f80000, 0x00000000f6100000, 0x0000000100000000)
  eden space 379392K, 0% used [0x00000000d5f80000,0x00000000d5f80000,0x00000000ed200000)
  from space 64512K, 83% used [0x00000000f2200000,0x00000000f56bee18,0x00000000f6100000)
  to   space 73216K, 0% used [0x00000000ed200000,0x00000000ed200000,0x00000000f1980000)
 ParOldGen       total 314368K, used 264622K [0x0000000081e00000, 0x0000000095100000, 0x00000000d5f80000)
  object space 314368K, 84% used [0x0000000081e00000,0x000000009206bb80,0x0000000095100000)
 Metaspace       used 36684K, capacity 39020K, committed 39168K, reserved 1083392K
  class space    used 4836K, capacity 5255K, committed 5376K, reserved 1048576K
}
Event: 30.131 GC heap before
{Heap before GC invocations=23 (full 5):
 PSYoungGen      total 443904K, used 54011K [0x00000000d5f80000, 0x00000000f6100000, 0x0000000100000000)
  eden space 379392K, 0% used [0x00000000d5f80000,0x00000000d5f80000,0x00000000ed200000)
  from space 64512K, 83% used [0x00000000f2200000,0x00000000f56bee18,0x00000000f6100000)
  to   space 73216K, 0% used [0x00000000ed200000,0x00000000ed200000,0x00000000f1980000)
 ParOldGen       total 314368K, used 264622K [0x0000000081e00000, 0x0000000095100000, 0x00000000d5f80000)
  object space 314368K, 84% used [0x0000000081e00000,0x000000009206bb80,0x0000000095100000)
 Metaspace       used 36684K, capacity 39020K, committed 39168K, reserved 1083392K
  class space    used 4836K, capacity 5255K, committed 5376K, reserved 1048576K
Event: 30.918 GC heap after
Heap after GC invocations=23 (full 5):
 PSYoungGen      total 443904K, used 0K [0x00000000d5f80000, 0x00000000f6100000, 0x0000000100000000)
  eden space 379392K, 0% used [0x00000000d5f80000,0x00000000d5f80000,0x00000000ed200000)
  from space 64512K, 0% used [0x00000000f2200000,0x00000000f2200000,0x00000000f6100000)
  to   space 73216K, 0% used [0x00000000ed200000,0x00000000ed200000,0x00000000f1980000)
 ParOldGen       total 406528K, used 188931K [0x0000000081e00000, 0x000000009ab00000, 0x00000000d5f80000)
  object space 406528K, 46% used [0x0000000081e00000,0x000000008d680c18,0x000000009ab00000)
 Metaspace       used 36684K, capacity 39020K, committed 39168K, reserved 1083392K
  class space    used 4836K, capacity 5255K, committed 5376K, reserved 1048576K
}

