# JRE version: Java(TM) SE Runtime Environment (8.0_144-b01) (build 1.8.0_144-b01)
# Java VM: Java HotSpot(TM) 64-Bit Server VM (25.144-b01 mixed mode windows-amd64 compressed oops)
Heap:
 PSYoungGen      total 113664K, used 19131K [0x000000076af00000, 0x0000000772b00000, 0x00000007c0000000)
  eden space 102912K, 8% used [0x000000076af00000,0x000000076b736bf0,0x0000000771380000)
  from space 10752K, 99% used [0x0000000772080000,0x0000000772af8020,0x0000000772b00000)
  to   space 10752K, 0% used [0x0000000771600000,0x0000000771600000,0x0000000772080000)
 ParOldGen       total 98304K, used 26215K [0x00000006c0c00000, 0x00000006c6c00000, 0x000000076af00000)
  object space 98304K, 26% used [0x00000006c0c00000,0x00000006c2599c10,0x00000006c6c00000)
 Metaspace       used 27939K, capacity 29738K, committed 29824K, reserved 1075200K
  class space    used 3827K, capacity 4166K, committed 4224K, reserved 1048576K
GC Heap History (10 events):
Event: 2.833 GC heap before
{Heap before GC invocations=1 (full 0):
 PSYoungGen      total 76288K, used 65536K [0x000000076af00000, 0x0000000770400000, 0x00000007c0000000)
  eden space 65536K, 100% used [0x000000076af00000,0x000000076ef00000,0x000000076ef00000)
  from space 10752K, 0% used [0x000000076f980000,0x000000076f980000,0x0000000770400000)
  to   space 10752K, 0% used [0x000000076ef00000,0x000000076ef00000,0x000000076f980000)
 ParOldGen       total 175104K, used 0K [0x00000006c0c00000, 0x00000006cb700000, 0x000000076af00000)
  object space 175104K, 0% used [0x00000006c0c00000,0x00000006c0c00000,0x00000006cb700000)
 Metaspace       used 18316K, capacity 19112K, committed 19328K, reserved 1064960K
  class space    used 2652K, capacity 2857K, committed 2944K, reserved 1048576K
Event: 2.845 GC heap after
Heap after GC invocations=1 (full 0):
 PSYoungGen      total 76288K, used 8011K [0x000000076af00000, 0x0000000770400000, 0x00000007c0000000)
  eden space 65536K, 0% used [0x000000076af00000,0x000000076af00000,0x000000076ef00000)
  from space 10752K, 74% used [0x000000076ef00000,0x000000076f6d2ee0,0x000000076f980000)
  to   space 10752K, 0% used [0x000000076f980000,0x000000076f980000,0x0000000770400000)
 ParOldGen       total 175104K, used 88K [0x00000006c0c00000, 0x00000006cb700000, 0x000000076af00000)
  object space 175104K, 0% used [0x00000006c0c00000,0x00000006c0c16010,0x00000006cb700000)
 Metaspace       used 18316K, capacity 19112K, committed 19328K, reserved 1064960K
  class space    used 2652K, capacity 2857K, committed 2944K, reserved 1048576K
}
Event: 3.171 GC heap before
{Heap before GC invocations=2 (full 0):
 PSYoungGen      total 76288K, used 27809K [0x000000076af00000, 0x0000000770400000, 0x00000007c0000000)
  eden space 65536K, 30% used [0x000000076af00000,0x000000076c255748,0x000000076ef00000)
  from space 10752K, 74% used [0x000000076ef00000,0x000000076f6d2ee0,0x000000076f980000)
  to   space 10752K, 0% used [0x000000076f980000,0x000000076f980000,0x0000000770400000)
 ParOldGen       total 175104K, used 88K [0x00000006c0c00000, 0x00000006cb700000, 0x000000076af00000)
  object space 175104K, 0% used [0x00000006c0c00000,0x00000006c0c16010,0x00000006cb700000)
 Metaspace       used 20470K, capacity 21226K, committed 21248K, reserved 1067008K
  class space    used 2859K, capacity 3060K, committed 3072K, reserved 1048576K
Event: 3.186 GC heap after
Heap after GC invocations=2 (full 0):
 PSYoungGen      total 76288K, used 10228K [0x000000076af00000, 0x0000000774400000, 0x00000007c0000000)
  eden space 65536K, 0% used [0x000000076af00000,0x000000076af00000,0x000000076ef00000)
  from space 10752K, 95% used [0x000000076f980000,0x000000077037d2b0,0x0000000770400000)
  to   space 10752K, 0% used [0x000000076ef00000,0x000000076ef00000,0x000000076f980000)
 ParOldGen       total 175104K, used 96K [0x00000006c0c00000, 0x00000006cb700000, 0x000000076af00000)
  object space 175104K, 0% used [0x00000006c0c00000,0x00000006c0c18010,0x00000006cb700000)
 Metaspace       used 20470K, capacity 21226K, committed 21248K, reserved 1067008K
  class space    used 2859K, capacity 3060K, committed 3072K, reserved 1048576K
}
Event: 3.186 GC heap before
{Heap before GC invocations=3 (full 1):
 PSYoungGen      total 76288K, used 10228K [0x000000076af00000, 0x0000000774400000, 0x00000007c0000000)
  eden space 65536K, 0% used [0x000000076af00000,0x000000076af00000,0x000000076ef00000)
  from space 10752K, 95% used [0x000000076f980000,0x000000077037d2b0,0x0000000770400000)
  to   space 10752K, 0% used [0x000000076ef00000,0x000000076ef00000,0x000000076f980000)
 ParOldGen       total 175104K, used 96K [0x00000006c0c00000, 0x00000006cb700000, 0x000000076af00000)
  object space 175104K, 0% used [0x00000006c0c00000,0x00000006c0c18010,0x00000006cb700000)
 Metaspace       used 20470K, capacity 21226K, committed 21248K, reserved 1067008K
  class space    used 2859K, capacity 3060K, committed 3072K, reserved 1048576K
Event: 3.226 GC heap after
Heap after GC invocations=3 (full 1):
 PSYoungGen      total 76288K, used 0K [0x000000076af00000, 0x0000000774400000, 0x00000007c0000000)
  eden space 65536K, 0% used [0x000000076af00000,0x000000076af00000,0x000000076ef00000)
  from space 10752K, 0% used [0x000000076f980000,0x000000076f980000,0x0000000770400000)
  to   space 10752K, 0% used [0x000000076ef00000,0x000000076ef00000,0x000000076f980000)
 ParOldGen       total 98304K, used 9984K [0x00000006c0c00000, 0x00000006c6c00000, 0x000000076af00000)
  object space 98304K, 10% used [0x00000006c0c00000,0x00000006c15c01f0,0x00000006c6c00000)
 Metaspace       used 20470K, capacity 21226K, committed 21248K, reserved 1067008K
  class space    used 2859K, capacity 3060K, committed 3072K, reserved 1048576K
}
Event: 4.401 GC heap before
{Heap before GC invocations=4 (full 1):
 PSYoungGen      total 76288K, used 65536K [0x000000076af00000, 0x0000000774400000, 0x00000007c0000000)
  eden space 65536K, 100% used [0x000000076af00000,0x000000076ef00000,0x000000076ef00000)
  from space 10752K, 0% used [0x000000076f980000,0x000000076f980000,0x0000000770400000)
  to   space 10752K, 0% used [0x000000076ef00000,0x000000076ef00000,0x000000076f980000)
 ParOldGen       total 98304K, used 9984K [0x00000006c0c00000, 0x00000006c6c00000, 0x000000076af00000)
  object space 98304K, 10% used [0x00000006c0c00000,0x00000006c15c01f0,0x00000006c6c00000)
 Metaspace       used 25416K, capacity 26920K, committed 27136K, reserved 1073152K
  class space    used 3546K, capacity 3813K, committed 3840K, reserved 1048576K
Event: 4.412 GC heap after
Heap after GC invocations=4 (full 1):
 PSYoungGen      total 76288K, used 7539K [0x000000076af00000, 0x0000000772b00000, 0x00000007c0000000)
  eden space 65536K, 0% used [0x000000076af00000,0x000000076af00000,0x000000076ef00000)
  from space 10752K, 70% used [0x000000076ef00000,0x000000076f65cc60,0x000000076f980000)
  to   space 10752K, 0% used [0x0000000772080000,0x0000000772080000,0x0000000772b00000)
 ParOldGen       total 98304K, used 9992K [0x00000006c0c00000, 0x00000006c6c00000, 0x000000076af00000)
  object space 98304K, 10% used [0x00000006c0c00000,0x00000006c15c21f0,0x00000006c6c00000)
 Metaspace       used 25416K, capacity 26920K, committed 27136K, reserved 1073152K
  class space    used 3546K, capacity 3813K, committed 3840K, reserved 1048576K
}
Event: 9.617 GC heap before
{Heap before GC invocations=5 (full 1):
 PSYoungGen      total 76288K, used 73075K [0x000000076af00000, 0x0000000772b00000, 0x00000007c0000000)
  eden space 65536K, 100% used [0x000000076af00000,0x000000076ef00000,0x000000076ef00000)
  from space 10752K, 70% used [0x000000076ef00000,0x000000076f65cc60,0x000000076f980000)
  to   space 10752K, 0% used [0x0000000772080000,0x0000000772080000,0x0000000772b00000)
 ParOldGen       total 98304K, used 9992K [0x00000006c0c00000, 0x00000006c6c00000, 0x000000076af00000)
  object space 98304K, 10% used [0x00000006c0c00000,0x00000006c15c21f0,0x00000006c6c00000)
 Metaspace       used 27867K, capacity 29656K, committed 29824K, reserved 1075200K
  class space    used 3824K, capacity 4163K, committed 4224K, reserved 1048576K
Event: 9.658 GC heap after
Heap after GC invocations=5 (full 1):
 PSYoungGen      total 113664K, used 10720K [0x000000076af00000, 0x0000000772b00000, 0x00000007c0000000)
  eden space 102912K, 0% used [0x000000076af00000,0x000000076af00000,0x0000000771380000)
  from space 10752K, 99% used [0x0000000772080000,0x0000000772af8020,0x0000000772b00000)
  to   space 10752K, 0% used [0x0000000771600000,0x0000000771600000,0x0000000772080000)
 ParOldGen       total 98304K, used 26215K [0x00000006c0c00000, 0x00000006c6c00000, 0x000000076af00000)
  object space 98304K, 26% used [0x00000006c0c00000,0x00000006c2599c10,0x00000006c6c00000)
 Metaspace       used 27867K, capacity 29656K, committed 29824K, reserved 1075200K
  class space    used 3824K, capacity 4163K, committed 4224K, reserved 1048576K
}

