# JRE version: Java(TM) SE Runtime Environment (8.0_152-b16) (build 1.8.0_152-b16)
# Java VM: Java HotSpot(TM) 64-Bit Server VM (25.152-b16 mixed mode windows-amd64 compressed oops)
Heap:
 PSYoungGen      total 38400K, used 31320K [0x00000000d5f80000, 0x00000000d8a00000, 0x0000000100000000)
  eden space 33280K, 78% used [0x00000000d5f80000,0x00000000d79197d0,0x00000000d8000000)
  from space 5120K, 99% used [0x00000000d8000000,0x00000000d84fc990,0x00000000d8500000)
  to   space 5120K, 0% used [0x00000000d8500000,0x00000000d8500000,0x00000000d8a00000)
 ParOldGen       total 77312K, used 12797K [0x0000000081e00000, 0x0000000086980000, 0x00000000d5f80000)
  object space 77312K, 16% used [0x0000000081e00000,0x0000000082a7f5d0,0x0000000086980000)
 Metaspace       used 29056K, capacity 29996K, committed 30080K, reserved 1075200K
  class space    used 3970K, capacity 4211K, committed 4224K, reserved 1048576K
GC Heap History (8 events):
Event: 1.893 GC heap before
{Heap before GC invocations=1 (full 0):
 PSYoungGen      total 38400K, used 33280K [0x00000000d5f80000, 0x00000000d8a00000, 0x0000000100000000)
  eden space 33280K, 100% used [0x00000000d5f80000,0x00000000d8000000,0x00000000d8000000)
  from space 5120K, 0% used [0x00000000d8500000,0x00000000d8500000,0x00000000d8a00000)
  to   space 5120K, 0% used [0x00000000d8000000,0x00000000d8000000,0x00000000d8500000)
 ParOldGen       total 87552K, used 0K [0x0000000081e00000, 0x0000000087380000, 0x00000000d5f80000)
  object space 87552K, 0% used [0x0000000081e00000,0x0000000081e00000,0x0000000087380000)
 Metaspace       used 14005K, capacity 14436K, committed 14848K, reserved 1062912K
  class space    used 1798K, capacity 1934K, committed 2048K, reserved 1048576K
Event: 1.901 GC heap after
Heap after GC invocations=1 (full 0):
 PSYoungGen      total 38400K, used 4257K [0x00000000d5f80000, 0x00000000d8a00000, 0x0000000100000000)
  eden space 33280K, 0% used [0x00000000d5f80000,0x00000000d5f80000,0x00000000d8000000)
  from space 5120K, 83% used [0x00000000d8000000,0x00000000d8428490,0x00000000d8500000)
  to   space 5120K, 0% used [0x00000000d8500000,0x00000000d8500000,0x00000000d8a00000)
 ParOldGen       total 87552K, used 80K [0x0000000081e00000, 0x0000000087380000, 0x00000000d5f80000)
  object space 87552K, 0% used [0x0000000081e00000,0x0000000081e14010,0x0000000087380000)
 Metaspace       used 14005K, capacity 14436K, committed 14848K, reserved 1062912K
  class space    used 1798K, capacity 1934K, committed 2048K, reserved 1048576K
}
Event: 4.858 GC heap before
{Heap before GC invocations=2 (full 0):
 PSYoungGen      total 38400K, used 35671K [0x00000000d5f80000, 0x00000000d8a00000, 0x0000000100000000)
  eden space 33280K, 94% used [0x00000000d5f80000,0x00000000d7e2d9c0,0x00000000d8000000)
  from space 5120K, 83% used [0x00000000d8000000,0x00000000d8428490,0x00000000d8500000)
  to   space 5120K, 0% used [0x00000000d8500000,0x00000000d8500000,0x00000000d8a00000)
 ParOldGen       total 87552K, used 80K [0x0000000081e00000, 0x0000000087380000, 0x00000000d5f80000)
  object space 87552K, 0% used [0x0000000081e00000,0x0000000081e14010,0x0000000087380000)
 Metaspace       used 20444K, capacity 21202K, committed 21296K, reserved 1067008K
  class space    used 2926K, capacity 3122K, committed 3200K, reserved 1048576K
Event: 4.883 GC heap after
Heap after GC invocations=2 (full 0):
 PSYoungGen      total 38400K, used 5103K [0x00000000d5f80000, 0x00000000d8a00000, 0x0000000100000000)
  eden space 33280K, 0% used [0x00000000d5f80000,0x00000000d5f80000,0x00000000d8000000)
  from space 5120K, 99% used [0x00000000d8500000,0x00000000d89fbf20,0x00000000d8a00000)
  to   space 5120K, 0% used [0x00000000d8000000,0x00000000d8000000,0x00000000d8500000)
 ParOldGen       total 87552K, used 9477K [0x0000000081e00000, 0x0000000087380000, 0x00000000d5f80000)
  object space 87552K, 10% used [0x0000000081e00000,0x0000000082741440,0x0000000087380000)
 Metaspace       used 20444K, capacity 21202K, committed 21296K, reserved 1067008K
  class space    used 2926K, capacity 3122K, committed 3200K, reserved 1048576K
}
Event: 4.883 GC heap before
{Heap before GC invocations=3 (full 1):
 PSYoungGen      total 38400K, used 5103K [0x00000000d5f80000, 0x00000000d8a00000, 0x0000000100000000)
  eden space 33280K, 0% used [0x00000000d5f80000,0x00000000d5f80000,0x00000000d8000000)
  from space 5120K, 99% used [0x00000000d8500000,0x00000000d89fbf20,0x00000000d8a00000)
  to   space 5120K, 0% used [0x00000000d8000000,0x00000000d8000000,0x00000000d8500000)
 ParOldGen       total 87552K, used 9477K [0x0000000081e00000, 0x0000000087380000, 0x00000000d5f80000)
  object space 87552K, 10% used [0x0000000081e00000,0x0000000082741440,0x0000000087380000)
 Metaspace       used 20444K, capacity 21202K, committed 21296K, reserved 1067008K
  class space    used 2926K, capacity 3122K, committed 3200K, reserved 1048576K
Event: 4.923 GC heap after
Heap after GC invocations=3 (full 1):
 PSYoungGen      total 38400K, used 0K [0x00000000d5f80000, 0x00000000d8a00000, 0x0000000100000000)
  eden space 33280K, 0% used [0x00000000d5f80000,0x00000000d5f80000,0x00000000d8000000)
  from space 5120K, 0% used [0x00000000d8500000,0x00000000d8500000,0x00000000d8a00000)
  to   space 5120K, 0% used [0x00000000d8000000,0x00000000d8000000,0x00000000d8500000)
 ParOldGen       total 77312K, used 12495K [0x0000000081e00000, 0x0000000086980000, 0x00000000d5f80000)
  object space 77312K, 16% used [0x0000000081e00000,0x0000000082a33f78,0x0000000086980000)
 Metaspace       used 20444K, capacity 21202K, committed 21296K, reserved 1067008K
  class space    used 2926K, capacity 3122K, committed 3200K, reserved 1048576K
}
Event: 6.530 GC heap before
{Heap before GC invocations=4 (full 1):
 PSYoungGen      total 38400K, used 33280K [0x00000000d5f80000, 0x00000000d8a00000, 0x0000000100000000)
  eden space 33280K, 100% used [0x00000000d5f80000,0x00000000d8000000,0x00000000d8000000)
  from space 5120K, 0% used [0x00000000d8500000,0x00000000d8500000,0x00000000d8a00000)
  to   space 5120K, 0% used [0x00000000d8000000,0x00000000d8000000,0x00000000d8500000)
 ParOldGen       total 77312K, used 12495K [0x0000000081e00000, 0x0000000086980000, 0x00000000d5f80000)
  object space 77312K, 16% used [0x0000000081e00000,0x0000000082a33f78,0x0000000086980000)
 Metaspace       used 25822K, capacity 26644K, committed 26880K, reserved 1073152K
  class space    used 3552K, capacity 3773K, committed 3840K, reserved 1048576K
Event: 6.538 GC heap after
Heap after GC invocations=4 (full 1):
 PSYoungGen      total 38400K, used 5106K [0x00000000d5f80000, 0x00000000d8a00000, 0x0000000100000000)
  eden space 33280K, 0% used [0x00000000d5f80000,0x00000000d5f80000,0x00000000d8000000)
  from space 5120K, 99% used [0x00000000d8000000,0x00000000d84fc990,0x00000000d8500000)
  to   space 5120K, 0% used [0x00000000d8500000,0x00000000d8500000,0x00000000d8a00000)
 ParOldGen       total 77312K, used 12797K [0x0000000081e00000, 0x0000000086980000, 0x00000000d5f80000)
  object space 77312K, 16% used [0x0000000081e00000,0x0000000082a7f5d0,0x0000000086980000)
 Metaspace       used 25822K, capacity 26644K, committed 26880K, reserved 1073152K
  class space    used 3552K, capacity 3773K, committed 3840K, reserved 1048576K
}

