# JRE version: Java(TM) SE Runtime Environment (8.0_152-b16) (build 1.8.0_152-b16)
# Java VM: Java HotSpot(TM) 64-Bit Server VM (25.152-b16 mixed mode windows-amd64 compressed oops)
Heap:
 PSYoungGen      total 122368K, used 40914K [0x00000000d5f80000, 0x00000000de000000, 0x0000000100000000)
  eden space 117248K, 34% used [0x00000000d5f80000,0x00000000d8774a38,0x00000000dd200000)
  from space 5120K, 0% used [0x00000000dd700000,0x00000000dd700000,0x00000000ddc00000)
  to   space 5120K, 0% used [0x00000000dd200000,0x00000000dd200000,0x00000000dd700000)
 ParOldGen       total 129024K, used 92149K [0x0000000081e00000, 0x0000000089c00000, 0x00000000d5f80000)
  object space 129024K, 71% used [0x0000000081e00000,0x00000000877fd630,0x0000000089c00000)
 Metaspace       used 36544K, capacity 38994K, committed 39040K, reserved 1083392K
  class space    used 4826K, capacity 5222K, committed 5248K, reserved 1048576K
GC Heap History (10 events):
Event: 13.091 GC heap before
{Heap before GC invocations=5 (full 1):
 PSYoungGen      total 71680K, used 71664K [0x00000000d5f80000, 0x00000000ddc00000, 0x0000000100000000)
  eden space 66560K, 100% used [0x00000000d5f80000,0x00000000da080000,0x00000000da080000)
  from space 5120K, 99% used [0x00000000da080000,0x00000000da57c010,0x00000000da580000)
  to   space 5120K, 0% used [0x00000000dd700000,0x00000000dd700000,0x00000000ddc00000)
 ParOldGen       total 64512K, used 18975K [0x0000000081e00000, 0x0000000085d00000, 0x00000000d5f80000)
  object space 64512K, 29% used [0x0000000081e00000,0x0000000083087fb0,0x0000000085d00000)
 Metaspace       used 31876K, capacity 33190K, committed 33280K, reserved 1077248K
  class space    used 4299K, capacity 4570K, committed 4608K, reserved 1048576K
Event: 13.136 GC heap after
Heap after GC invocations=5 (full 1):
 PSYoungGen      total 122368K, used 5088K [0x00000000d5f80000, 0x00000000de000000, 0x0000000100000000)
  eden space 117248K, 0% used [0x00000000d5f80000,0x00000000d5f80000,0x00000000dd200000)
  from space 5120K, 99% used [0x00000000dd700000,0x00000000ddbf8010,0x00000000ddc00000)
  to   space 5120K, 0% used [0x00000000dd200000,0x00000000dd200000,0x00000000dd700000)
 ParOldGen       total 64512K, used 44021K [0x0000000081e00000, 0x0000000085d00000, 0x00000000d5f80000)
  object space 64512K, 68% used [0x0000000081e00000,0x00000000848fd710,0x0000000085d00000)
 Metaspace       used 31876K, capacity 33190K, committed 33280K, reserved 1077248K
  class space    used 4299K, capacity 4570K, committed 4608K, reserved 1048576K
}
Event: 13.136 GC heap before
{Heap before GC invocations=6 (full 2):
 PSYoungGen      total 122368K, used 5088K [0x00000000d5f80000, 0x00000000de000000, 0x0000000100000000)
  eden space 117248K, 0% used [0x00000000d5f80000,0x00000000d5f80000,0x00000000dd200000)
  from space 5120K, 99% used [0x00000000dd700000,0x00000000ddbf8010,0x00000000ddc00000)
  to   space 5120K, 0% used [0x00000000dd200000,0x00000000dd200000,0x00000000dd700000)
 ParOldGen       total 64512K, used 44021K [0x0000000081e00000, 0x0000000085d00000, 0x00000000d5f80000)
  object space 64512K, 68% used [0x0000000081e00000,0x00000000848fd710,0x0000000085d00000)
 Metaspace       used 31876K, capacity 33190K, committed 33280K, reserved 1077248K
  class space    used 4299K, capacity 4570K, committed 4608K, reserved 1048576K
Event: 13.370 GC heap after
Heap after GC invocations=6 (full 2):
 PSYoungGen      total 122368K, used 0K [0x00000000d5f80000, 0x00000000de000000, 0x0000000100000000)
  eden space 117248K, 0% used [0x00000000d5f80000,0x00000000d5f80000,0x00000000dd200000)
  from space 5120K, 0% used [0x00000000dd700000,0x00000000dd700000,0x00000000ddc00000)
  to   space 5120K, 0% used [0x00000000dd200000,0x00000000dd200000,0x00000000dd700000)
 ParOldGen       total 129024K, used 34216K [0x0000000081e00000, 0x0000000089c00000, 0x00000000d5f80000)
  object space 129024K, 26% used [0x0000000081e00000,0x0000000083f6a2e0,0x0000000089c00000)
 Metaspace       used 31876K, capacity 33190K, committed 33280K, reserved 1077248K
  class space    used 4299K, capacity 4570K, committed 4608K, reserved 1048576K
}
Event: 16.307 GC heap before
{Heap before GC invocations=7 (full 2):
 PSYoungGen      total 122368K, used 117248K [0x00000000d5f80000, 0x00000000de000000, 0x0000000100000000)
  eden space 117248K, 100% used [0x00000000d5f80000,0x00000000dd200000,0x00000000dd200000)
  from space 5120K, 0% used [0x00000000dd700000,0x00000000dd700000,0x00000000ddc00000)
  to   space 5120K, 0% used [0x00000000dd200000,0x00000000dd200000,0x00000000dd700000)
 ParOldGen       total 129024K, used 34216K [0x0000000081e00000, 0x0000000089c00000, 0x00000000d5f80000)
  object space 129024K, 26% used [0x0000000081e00000,0x0000000083f6a2e0,0x0000000089c00000)
 Metaspace       used 32639K, capacity 34192K, committed 34432K, reserved 1079296K
  class space    used 4379K, capacity 4689K, committed 4736K, reserved 1048576K
Event: 16.376 GC heap after
Heap after GC invocations=7 (full 2):
 PSYoungGen      total 122368K, used 5119K [0x00000000d5f80000, 0x00000000de000000, 0x0000000100000000)
  eden space 117248K, 0% used [0x00000000d5f80000,0x00000000d5f80000,0x00000000dd200000)
  from space 5120K, 99% used [0x00000000dd200000,0x00000000dd6ffca0,0x00000000dd700000)
  to   space 5120K, 0% used [0x00000000dd700000,0x00000000dd700000,0x00000000ddc00000)
 ParOldGen       total 129024K, used 78332K [0x0000000081e00000, 0x0000000089c00000, 0x00000000d5f80000)
  object space 129024K, 60% used [0x0000000081e00000,0x0000000086a7f228,0x0000000089c00000)
 Metaspace       used 32639K, capacity 34192K, committed 34432K, reserved 1079296K
  class space    used 4379K, capacity 4689K, committed 4736K, reserved 1048576K
}
Event: 22.521 GC heap before
{Heap before GC invocations=8 (full 2):
 PSYoungGen      total 122368K, used 122367K [0x00000000d5f80000, 0x00000000de000000, 0x0000000100000000)
  eden space 117248K, 100% used [0x00000000d5f80000,0x00000000dd200000,0x00000000dd200000)
  from space 5120K, 99% used [0x00000000dd200000,0x00000000dd6ffca0,0x00000000dd700000)
  to   space 5120K, 0% used [0x00000000dd700000,0x00000000dd700000,0x00000000ddc00000)
 ParOldGen       total 129024K, used 78332K [0x0000000081e00000, 0x0000000089c00000, 0x00000000d5f80000)
  object space 129024K, 60% used [0x0000000081e00000,0x0000000086a7f228,0x0000000089c00000)
 Metaspace       used 36274K, capacity 38552K, committed 38784K, reserved 1083392K
  class space    used 4806K, capacity 5185K, committed 5248K, reserved 1048576K
Event: 22.574 GC heap after
Heap after GC invocations=8 (full 2):
 PSYoungGen      total 122368K, used 5094K [0x00000000d5f80000, 0x00000000de000000, 0x0000000100000000)
  eden space 117248K, 0% used [0x00000000d5f80000,0x00000000d5f80000,0x00000000dd200000)
  from space 5120K, 99% used [0x00000000dd700000,0x00000000ddbf9958,0x00000000ddc00000)
  to   space 5120K, 0% used [0x00000000dd200000,0x00000000dd200000,0x00000000dd700000)
 ParOldGen       total 129024K, used 111495K [0x0000000081e00000, 0x0000000089c00000, 0x00000000d5f80000)
  object space 129024K, 86% used [0x0000000081e00000,0x0000000088ae1ca8,0x0000000089c00000)
 Metaspace       used 36274K, capacity 38552K, committed 38784K, reserved 1083392K
  class space    used 4806K, capacity 5185K, committed 5248K, reserved 1048576K
}
Event: 22.574 GC heap before
{Heap before GC invocations=9 (full 3):
 PSYoungGen      total 122368K, used 5094K [0x00000000d5f80000, 0x00000000de000000, 0x0000000100000000)
  eden space 117248K, 0% used [0x00000000d5f80000,0x00000000d5f80000,0x00000000dd200000)
  from space 5120K, 99% used [0x00000000dd700000,0x00000000ddbf9958,0x00000000ddc00000)
  to   space 5120K, 0% used [0x00000000dd200000,0x00000000dd200000,0x00000000dd700000)
 ParOldGen       total 129024K, used 111495K [0x0000000081e00000, 0x0000000089c00000, 0x00000000d5f80000)
  object space 129024K, 86% used [0x0000000081e00000,0x0000000088ae1ca8,0x0000000089c00000)
 Metaspace       used 36274K, capacity 38552K, committed 38784K, reserved 1083392K
  class space    used 4806K, capacity 5185K, committed 5248K, reserved 1048576K
Event: 23.266 GC heap after
Heap after GC invocations=9 (full 3):
 PSYoungGen      total 122368K, used 0K [0x00000000d5f80000, 0x00000000de000000, 0x0000000100000000)
  eden space 117248K, 0% used [0x00000000d5f80000,0x00000000d5f80000,0x00000000dd200000)
  from space 5120K, 0% used [0x00000000dd700000,0x00000000dd700000,0x00000000ddc00000)
  to   space 5120K, 0% used [0x00000000dd200000,0x00000000dd200000,0x00000000dd700000)
 ParOldGen       total 129024K, used 92149K [0x0000000081e00000, 0x0000000089c00000, 0x00000000d5f80000)
  object space 129024K, 71% used [0x0000000081e00000,0x00000000877fd630,0x0000000089c00000)
 Metaspace       used 36274K, capacity 38552K, committed 38784K, reserved 1083392K
  class space    used 4806K, capacity 5185K, committed 5248K, reserved 1048576K
}

