# JRE version: Java(TM) SE Runtime Environment (8.0_144-b01) (build 1.8.0_144-b01)
# Java VM: Java HotSpot(TM) 64-Bit Server VM (25.144-b01 mixed mode windows-amd64 compressed oops)
Heap:
 PSYoungGen      total 115712K, used 60273K [0x000000076af00000, 0x0000000772c00000, 0x00000007c0000000)
  eden space 104960K, 47% used [0x000000076af00000,0x000000076df63b00,0x0000000771580000)
  from space 10752K, 99% used [0x0000000771700000,0x0000000772178940,0x0000000772180000)
  to   space 10752K, 0% used [0x0000000772180000,0x0000000772180000,0x0000000772c00000)
 ParOldGen       total 100352K, used 46582K [0x00000006c0c00000, 0x00000006c6e00000, 0x000000076af00000)
  object space 100352K, 46% used [0x00000006c0c00000,0x00000006c397d818,0x00000006c6e00000)
 Metaspace       used 28827K, capacity 30790K, committed 30848K, reserved 1075200K
  class space    used 3827K, capacity 4180K, committed 4224K, reserved 1048576K
GC Heap History (10 events):
Event: 3.151 GC heap before
{Heap before GC invocations=2 (full 0):
 PSYoungGen      total 76288K, used 25802K [0x000000076af00000, 0x0000000770400000, 0x00000007c0000000)
  eden space 65536K, 22% used [0x000000076af00000,0x000000076bdb4258,0x000000076ef00000)
  from space 10752K, 99% used [0x000000076ef00000,0x000000076f97e8b8,0x000000076f980000)
  to   space 10752K, 0% used [0x000000076f980000,0x000000076f980000,0x0000000770400000)
 ParOldGen       total 175104K, used 507K [0x00000006c0c00000, 0x00000006cb700000, 0x000000076af00000)
  object space 175104K, 0% used [0x00000006c0c00000,0x00000006c0c7ee68,0x00000006cb700000)
 Metaspace       used 20458K, capacity 21208K, committed 21296K, reserved 1067008K
  class space    used 2823K, capacity 3031K, committed 3072K, reserved 1048576K
Event: 3.167 GC heap after
Heap after GC invocations=2 (full 0):
 PSYoungGen      total 76288K, used 10728K [0x000000076af00000, 0x0000000774400000, 0x00000007c0000000)
  eden space 65536K, 0% used [0x000000076af00000,0x000000076af00000,0x000000076ef00000)
  from space 10752K, 99% used [0x000000076f980000,0x00000007703fa050,0x0000000770400000)
  to   space 10752K, 0% used [0x000000076ef00000,0x000000076ef00000,0x000000076f980000)
 ParOldGen       total 175104K, used 1854K [0x00000006c0c00000, 0x00000006cb700000, 0x000000076af00000)
  object space 175104K, 1% used [0x00000006c0c00000,0x00000006c0dcf8e8,0x00000006cb700000)
 Metaspace       used 20458K, capacity 21208K, committed 21296K, reserved 1067008K
  class space    used 2823K, capacity 3031K, committed 3072K, reserved 1048576K
}
Event: 3.167 GC heap before
{Heap before GC invocations=3 (full 1):
 PSYoungGen      total 76288K, used 10728K [0x000000076af00000, 0x0000000774400000, 0x00000007c0000000)
  eden space 65536K, 0% used [0x000000076af00000,0x000000076af00000,0x000000076ef00000)
  from space 10752K, 99% used [0x000000076f980000,0x00000007703fa050,0x0000000770400000)
  to   space 10752K, 0% used [0x000000076ef00000,0x000000076ef00000,0x000000076f980000)
 ParOldGen       total 175104K, used 1854K [0x00000006c0c00000, 0x00000006cb700000, 0x000000076af00000)
  object space 175104K, 1% used [0x00000006c0c00000,0x00000006c0dcf8e8,0x00000006cb700000)
 Metaspace       used 20458K, capacity 21208K, committed 21296K, reserved 1067008K
  class space    used 2823K, capacity 3031K, committed 3072K, reserved 1048576K
Event: 3.216 GC heap after
Heap after GC invocations=3 (full 1):
 PSYoungGen      total 76288K, used 0K [0x000000076af00000, 0x0000000774400000, 0x00000007c0000000)
  eden space 65536K, 0% used [0x000000076af00000,0x000000076af00000,0x000000076ef00000)
  from space 10752K, 0% used [0x000000076f980000,0x000000076f980000,0x0000000770400000)
  to   space 10752K, 0% used [0x000000076ef00000,0x000000076ef00000,0x000000076f980000)
 ParOldGen       total 100352K, used 12032K [0x00000006c0c00000, 0x00000006c6e00000, 0x000000076af00000)
  object space 100352K, 11% used [0x00000006c0c00000,0x00000006c17c02c8,0x00000006c6e00000)
 Metaspace       used 20458K, capacity 21208K, committed 21296K, reserved 1067008K
  class space    used 2823K, capacity 3031K, committed 3072K, reserved 1048576K
}
Event: 4.228 GC heap before
{Heap before GC invocations=4 (full 1):
 PSYoungGen      total 76288K, used 65536K [0x000000076af00000, 0x0000000774400000, 0x00000007c0000000)
  eden space 65536K, 100% used [0x000000076af00000,0x000000076ef00000,0x000000076ef00000)
  from space 10752K, 0% used [0x000000076f980000,0x000000076f980000,0x0000000770400000)
  to   space 10752K, 0% used [0x000000076ef00000,0x000000076ef00000,0x000000076f980000)
 ParOldGen       total 100352K, used 12032K [0x00000006c0c00000, 0x00000006c6e00000, 0x000000076af00000)
  object space 100352K, 11% used [0x00000006c0c00000,0x00000006c17c02c8,0x00000006c6e00000)
 Metaspace       used 25221K, capacity 26666K, committed 26880K, reserved 1073152K
  class space    used 3510K, capacity 3816K, committed 3840K, reserved 1048576K
Event: 4.238 GC heap after
Heap after GC invocations=4 (full 1):
 PSYoungGen      total 76288K, used 7425K [0x000000076af00000, 0x0000000772c00000, 0x00000007c0000000)
  eden space 65536K, 0% used [0x000000076af00000,0x000000076af00000,0x000000076ef00000)
  from space 10752K, 69% used [0x000000076ef00000,0x000000076f6405e8,0x000000076f980000)
  to   space 10752K, 0% used [0x0000000772180000,0x0000000772180000,0x0000000772c00000)
 ParOldGen       total 100352K, used 12040K [0x00000006c0c00000, 0x00000006c6e00000, 0x000000076af00000)
  object space 100352K, 11% used [0x00000006c0c00000,0x00000006c17c22c8,0x00000006c6e00000)
 Metaspace       used 25221K, capacity 26666K, committed 26880K, reserved 1073152K
  class space    used 3510K, capacity 3816K, committed 3840K, reserved 1048576K
}
Event: 7.118 GC heap before
{Heap before GC invocations=5 (full 1):
 PSYoungGen      total 76288K, used 72961K [0x000000076af00000, 0x0000000772c00000, 0x00000007c0000000)
  eden space 65536K, 100% used [0x000000076af00000,0x000000076ef00000,0x000000076ef00000)
  from space 10752K, 69% used [0x000000076ef00000,0x000000076f6405e8,0x000000076f980000)
  to   space 10752K, 0% used [0x0000000772180000,0x0000000772180000,0x0000000772c00000)
 ParOldGen       total 100352K, used 12040K [0x00000006c0c00000, 0x00000006c6e00000, 0x000000076af00000)
  object space 100352K, 11% used [0x00000006c0c00000,0x00000006c17c22c8,0x00000006c6e00000)
 Metaspace       used 27916K, capacity 29862K, committed 30080K, reserved 1075200K
  class space    used 3813K, capacity 4160K, committed 4224K, reserved 1048576K
Event: 7.168 GC heap after
Heap after GC invocations=5 (full 1):
 PSYoungGen      total 115712K, used 10736K [0x000000076af00000, 0x0000000772c00000, 0x00000007c0000000)
  eden space 104960K, 0% used [0x000000076af00000,0x000000076af00000,0x0000000771580000)
  from space 10752K, 99% used [0x0000000772180000,0x0000000772bfc260,0x0000000772c00000)
  to   space 10752K, 0% used [0x0000000771700000,0x0000000771700000,0x0000000772180000)
 ParOldGen       total 100352K, used 27528K [0x00000006c0c00000, 0x00000006c6e00000, 0x000000076af00000)
  object space 100352K, 27% used [0x00000006c0c00000,0x00000006c26e2040,0x00000006c6e00000)
 Metaspace       used 27916K, capacity 29862K, committed 30080K, reserved 1075200K
  class space    used 3813K, capacity 4160K, committed 4224K, reserved 1048576K
}
Event: 18.854 GC heap before
{Heap before GC invocations=6 (full 1):
 PSYoungGen      total 115712K, used 115696K [0x000000076af00000, 0x0000000772c00000, 0x00000007c0000000)
  eden space 104960K, 100% used [0x000000076af00000,0x0000000771580000,0x0000000771580000)
  from space 10752K, 99% used [0x0000000772180000,0x0000000772bfc260,0x0000000772c00000)
  to   space 10752K, 0% used [0x0000000771700000,0x0000000771700000,0x0000000772180000)
 ParOldGen       total 100352K, used 27528K [0x00000006c0c00000, 0x00000006c6e00000, 0x000000076af00000)
  object space 100352K, 27% used [0x00000006c0c00000,0x00000006c26e2040,0x00000006c6e00000)
 Metaspace       used 28565K, capacity 30476K, committed 30592K, reserved 1075200K
  class space    used 3822K, capacity 4171K, committed 4224K, reserved 1048576K
Event: 18.887 GC heap after
Heap after GC invocations=6 (full 1):
 PSYoungGen      total 115712K, used 10722K [0x000000076af00000, 0x0000000772c00000, 0x00000007c0000000)
  eden space 104960K, 0% used [0x000000076af00000,0x000000076af00000,0x0000000771580000)
  from space 10752K, 99% used [0x0000000771700000,0x0000000772178940,0x0000000772180000)
  to   space 10752K, 0% used [0x0000000772180000,0x0000000772180000,0x0000000772c00000)
 ParOldGen       total 100352K, used 46582K [0x00000006c0c00000, 0x00000006c6e00000, 0x000000076af00000)
  object space 100352K, 46% used [0x00000006c0c00000,0x00000006c397d818,0x00000006c6e00000)
 Metaspace       used 28565K, capacity 30476K, committed 30592K, reserved 1075200K
  class space    used 3822K, capacity 4171K, committed 4224K, reserved 1048576K
}

