# JRE version: Java(TM) SE Runtime Environment (8.0_152-b16) (build 1.8.0_152-b16)
# Java VM: Java HotSpot(TM) 64-Bit Server VM (25.152-b16 mixed mode windows-amd64 compressed oops)
Heap:
 PSYoungGen      total 133632K, used 44057K [0x00000000d5f80000, 0x00000000de780000, 0x0000000100000000)
  eden space 128512K, 34% used [0x00000000d5f80000,0x00000000d8a866f8,0x00000000ddd00000)
  from space 5120K, 0% used [0x00000000ddd80000,0x00000000ddd80000,0x00000000de280000)
  to   space 5120K, 0% used [0x00000000de280000,0x00000000de280000,0x00000000de780000)
 ParOldGen       total 116224K, used 70819K [0x0000000081e00000, 0x0000000088f80000, 0x00000000d5f80000)
  object space 116224K, 60% used [0x0000000081e00000,0x0000000086328f18,0x0000000088f80000)
 Metaspace       used 35403K, capacity 37480K, committed 37632K, reserved 1081344K
  class space    used 4742K, capacity 5095K, committed 5120K, reserved 1048576K
GC Heap History (10 events):
Event: 25.926 GC heap before
{Heap before GC invocations=4 (full 1):
 PSYoungGen      total 71680K, used 66560K [0x00000000d5f80000, 0x00000000daa80000, 0x0000000100000000)
  eden space 66560K, 100% used [0x00000000d5f80000,0x00000000da080000,0x00000000da080000)
  from space 5120K, 0% used [0x00000000da580000,0x00000000da580000,0x00000000daa80000)
  to   space 5120K, 0% used [0x00000000da080000,0x00000000da080000,0x00000000da580000)
 ParOldGen       total 59392K, used 12248K [0x0000000081e00000, 0x0000000085800000, 0x00000000d5f80000)
  object space 59392K, 20% used [0x0000000081e00000,0x00000000829f6148,0x0000000085800000)
 Metaspace       used 29368K, capacity 30310K, committed 30592K, reserved 1075200K
  class space    used 3981K, capacity 4212K, committed 4224K, reserved 1048576K
Event: 25.952 GC heap after
Heap after GC invocations=4 (full 1):
 PSYoungGen      total 71680K, used 5120K [0x00000000d5f80000, 0x00000000de780000, 0x0000000100000000)
  eden space 66560K, 0% used [0x00000000d5f80000,0x00000000d5f80000,0x00000000da080000)
  from space 5120K, 100% used [0x00000000da080000,0x00000000da580000,0x00000000da580000)
  to   space 5120K, 0% used [0x00000000de280000,0x00000000de280000,0x00000000de780000)
 ParOldGen       total 59392K, used 20229K [0x0000000081e00000, 0x0000000085800000, 0x00000000d5f80000)
  object space 59392K, 34% used [0x0000000081e00000,0x00000000831c14c8,0x0000000085800000)
 Metaspace       used 29368K, capacity 30310K, committed 30592K, reserved 1075200K
  class space    used 3981K, capacity 4212K, committed 4224K, reserved 1048576K
}
Event: 28.527 GC heap before
{Heap before GC invocations=5 (full 1):
 PSYoungGen      total 71680K, used 71680K [0x00000000d5f80000, 0x00000000de780000, 0x0000000100000000)
  eden space 66560K, 100% used [0x00000000d5f80000,0x00000000da080000,0x00000000da080000)
  from space 5120K, 100% used [0x00000000da080000,0x00000000da580000,0x00000000da580000)
  to   space 5120K, 0% used [0x00000000de280000,0x00000000de280000,0x00000000de780000)
 ParOldGen       total 59392K, used 20229K [0x0000000081e00000, 0x0000000085800000, 0x00000000d5f80000)
  object space 59392K, 34% used [0x0000000081e00000,0x00000000831c14c8,0x0000000085800000)
 Metaspace       used 31689K, capacity 33030K, committed 33280K, reserved 1077248K
  class space    used 4295K, capacity 4554K, committed 4608K, reserved 1048576K
Event: 28.577 GC heap after
Heap after GC invocations=5 (full 1):
 PSYoungGen      total 133632K, used 5088K [0x00000000d5f80000, 0x00000000de780000, 0x0000000100000000)
  eden space 128512K, 0% used [0x00000000d5f80000,0x00000000d5f80000,0x00000000ddd00000)
  from space 5120K, 99% used [0x00000000de280000,0x00000000de778010,0x00000000de780000)
  to   space 5120K, 0% used [0x00000000ddd80000,0x00000000ddd80000,0x00000000de280000)
 ParOldGen       total 59392K, used 46263K [0x0000000081e00000, 0x0000000085800000, 0x00000000d5f80000)
  object space 59392K, 77% used [0x0000000081e00000,0x0000000084b2dd40,0x0000000085800000)
 Metaspace       used 31689K, capacity 33030K, committed 33280K, reserved 1077248K
  class space    used 4295K, capacity 4554K, committed 4608K, reserved 1048576K
}
Event: 28.577 GC heap before
{Heap before GC invocations=6 (full 2):
 PSYoungGen      total 133632K, used 5088K [0x00000000d5f80000, 0x00000000de780000, 0x0000000100000000)
  eden space 128512K, 0% used [0x00000000d5f80000,0x00000000d5f80000,0x00000000ddd00000)
  from space 5120K, 99% used [0x00000000de280000,0x00000000de778010,0x00000000de780000)
  to   space 5120K, 0% used [0x00000000ddd80000,0x00000000ddd80000,0x00000000de280000)
 ParOldGen       total 59392K, used 46263K [0x0000000081e00000, 0x0000000085800000, 0x00000000d5f80000)
  object space 59392K, 77% used [0x0000000081e00000,0x0000000084b2dd40,0x0000000085800000)
 Metaspace       used 31689K, capacity 33030K, committed 33280K, reserved 1077248K
  class space    used 4295K, capacity 4554K, committed 4608K, reserved 1048576K
Event: 28.793 GC heap after
Heap after GC invocations=6 (full 2):
 PSYoungGen      total 133632K, used 0K [0x00000000d5f80000, 0x00000000de780000, 0x0000000100000000)
  eden space 128512K, 0% used [0x00000000d5f80000,0x00000000d5f80000,0x00000000ddd00000)
  from space 5120K, 0% used [0x00000000de280000,0x00000000de280000,0x00000000de780000)
  to   space 5120K, 0% used [0x00000000ddd80000,0x00000000ddd80000,0x00000000de280000)
 ParOldGen       total 116224K, used 36095K [0x0000000081e00000, 0x0000000088f80000, 0x00000000d5f80000)
  object space 116224K, 31% used [0x0000000081e00000,0x000000008413fc58,0x0000000088f80000)
 Metaspace       used 31689K, capacity 33030K, committed 33280K, reserved 1077248K
  class space    used 4295K, capacity 4554K, committed 4608K, reserved 1048576K
}
Event: 33.244 GC heap before
{Heap before GC invocations=7 (full 2):
 PSYoungGen      total 133632K, used 128512K [0x00000000d5f80000, 0x00000000de780000, 0x0000000100000000)
  eden space 128512K, 100% used [0x00000000d5f80000,0x00000000ddd00000,0x00000000ddd00000)
  from space 5120K, 0% used [0x00000000de280000,0x00000000de280000,0x00000000de780000)
  to   space 5120K, 0% used [0x00000000ddd80000,0x00000000ddd80000,0x00000000de280000)
 ParOldGen       total 116224K, used 36095K [0x0000000081e00000, 0x0000000088f80000, 0x00000000d5f80000)
  object space 116224K, 31% used [0x0000000081e00000,0x000000008413fc58,0x0000000088f80000)
 Metaspace       used 34087K, capacity 36070K, committed 36352K, reserved 1081344K
  class space    used 4649K, capacity 5004K, committed 5120K, reserved 1048576K
Event: 33.391 GC heap after
Heap after GC invocations=7 (full 2):
 PSYoungGen      total 133632K, used 5115K [0x00000000d5f80000, 0x00000000de780000, 0x0000000100000000)
  eden space 128512K, 0% used [0x00000000d5f80000,0x00000000d5f80000,0x00000000ddd00000)
  from space 5120K, 99% used [0x00000000ddd80000,0x00000000de27ef48,0x00000000de280000)
  to   space 5120K, 0% used [0x00000000de280000,0x00000000de280000,0x00000000de780000)
 ParOldGen       total 116224K, used 87660K [0x0000000081e00000, 0x0000000088f80000, 0x00000000d5f80000)
  object space 116224K, 75% used [0x0000000081e00000,0x000000008739b1e8,0x0000000088f80000)
 Metaspace       used 34087K, capacity 36070K, committed 36352K, reserved 1081344K
  class space    used 4649K, capacity 5004K, committed 5120K, reserved 1048576K
}
Event: 33.391 GC heap before
{Heap before GC invocations=8 (full 3):
 PSYoungGen      total 133632K, used 5115K [0x00000000d5f80000, 0x00000000de780000, 0x0000000100000000)
  eden space 128512K, 0% used [0x00000000d5f80000,0x00000000d5f80000,0x00000000ddd00000)
  from space 5120K, 99% used [0x00000000ddd80000,0x00000000de27ef48,0x00000000de280000)
  to   space 5120K, 0% used [0x00000000de280000,0x00000000de280000,0x00000000de780000)
 ParOldGen       total 116224K, used 87660K [0x0000000081e00000, 0x0000000088f80000, 0x00000000d5f80000)
  object space 116224K, 75% used [0x0000000081e00000,0x000000008739b1e8,0x0000000088f80000)
 Metaspace       used 34087K, capacity 36070K, committed 36352K, reserved 1081344K
  class space    used 4649K, capacity 5004K, committed 5120K, reserved 1048576K
Event: 34.060 GC heap after
Heap after GC invocations=8 (full 3):
 PSYoungGen      total 133632K, used 0K [0x00000000d5f80000, 0x00000000de780000, 0x0000000100000000)
  eden space 128512K, 0% used [0x00000000d5f80000,0x00000000d5f80000,0x00000000ddd00000)
  from space 5120K, 0% used [0x00000000ddd80000,0x00000000ddd80000,0x00000000de280000)
  to   space 5120K, 0% used [0x00000000de280000,0x00000000de280000,0x00000000de780000)
 ParOldGen       total 116224K, used 70819K [0x0000000081e00000, 0x0000000088f80000, 0x00000000d5f80000)
  object space 116224K, 60% used [0x0000000081e00000,0x0000000086328f18,0x0000000088f80000)
 Metaspace       used 34087K, capacity 36070K, committed 36352K, reserved 1081344K
  class space    used 4649K, capacity 5004K, committed 5120K, reserved 1048576K
}

