# JRE version: Java(TM) SE Runtime Environment (8.0_152-b16) (build 1.8.0_152-b16)
# Java VM: Java HotSpot(TM) 64-Bit Server VM (25.152-b16 mixed mode windows-amd64 compressed oops)
Heap:
 PSYoungGen      total 162816K, used 30961K [0x00000000d5f80000, 0x00000000e7a80000, 0x0000000100000000)
  eden space 110080K, 28% used [0x00000000d5f80000,0x00000000d7dbc5a8,0x00000000dcb00000)
  from space 52736K, 0% used [0x00000000e1400000,0x00000000e1400000,0x00000000e4780000)
  to   space 74752K, 0% used [0x00000000dcb00000,0x00000000dcb00000,0x00000000e1400000)
 ParOldGen       total 141824K, used 134314K [0x0000000081e00000, 0x000000008a880000, 0x00000000d5f80000)
  object space 141824K, 94% used [0x0000000081e00000,0x000000008a12a9f8,0x000000008a880000)
 Metaspace       used 37113K, capacity 39682K, committed 39936K, reserved 1083392K
  class space    used 4858K, capacity 5290K, committed 5376K, reserved 1048576K
GC Heap History (10 events):
Event: 8.460 GC heap before
{Heap before GC invocations=9 (full 2):
 PSYoungGen      total 90624K, used 17895K [0x00000000d5f80000, 0x00000000e0900000, 0x0000000100000000)
  eden space 72704K, 0% used [0x00000000d5f80000,0x00000000d5f80000,0x00000000da680000)
  from space 17920K, 99% used [0x00000000da680000,0x00000000db7f9c50,0x00000000db800000)
  to   space 25088K, 0% used [0x00000000df080000,0x00000000df080000,0x00000000e0900000)
 ParOldGen       total 76800K, used 30283K [0x0000000081e00000, 0x0000000086900000, 0x00000000d5f80000)
  object space 76800K, 39% used [0x0000000081e00000,0x0000000083b92ca8,0x0000000086900000)
 Metaspace       used 33540K, capacity 35404K, committed 35496K, reserved 1079296K
  class space    used 4561K, capacity 4923K, committed 4992K, reserved 1048576K
Event: 8.627 GC heap after
Heap after GC invocations=9 (full 2):
 PSYoungGen      total 90624K, used 0K [0x00000000d5f80000, 0x00000000e0900000, 0x0000000100000000)
  eden space 72704K, 0% used [0x00000000d5f80000,0x00000000d5f80000,0x00000000da680000)
  from space 17920K, 0% used [0x00000000da680000,0x00000000da680000,0x00000000db800000)
  to   space 25088K, 0% used [0x00000000df080000,0x00000000df080000,0x00000000e0900000)
 ParOldGen       total 141824K, used 44738K [0x0000000081e00000, 0x000000008a880000, 0x00000000d5f80000)
  object space 141824K, 31% used [0x0000000081e00000,0x00000000849b0930,0x000000008a880000)
 Metaspace       used 33540K, capacity 35404K, committed 35496K, reserved 1079296K
  class space    used 4561K, capacity 4923K, committed 4992K, reserved 1048576K
}
Event: 10.178 GC heap before
{Heap before GC invocations=10 (full 2):
 PSYoungGen      total 90624K, used 72704K [0x00000000d5f80000, 0x00000000e0900000, 0x0000000100000000)
  eden space 72704K, 100% used [0x00000000d5f80000,0x00000000da680000,0x00000000da680000)
  from space 17920K, 0% used [0x00000000da680000,0x00000000da680000,0x00000000db800000)
  to   space 25088K, 0% used [0x00000000df080000,0x00000000df080000,0x00000000e0900000)
 ParOldGen       total 141824K, used 44738K [0x0000000081e00000, 0x000000008a880000, 0x00000000d5f80000)
  object space 141824K, 31% used [0x0000000081e00000,0x00000000849b0930,0x000000008a880000)
 Metaspace       used 35200K, capacity 37552K, committed 37760K, reserved 1081344K
  class space    used 4738K, capacity 5143K, committed 5248K, reserved 1048576K
Event: 10.219 GC heap after
Heap after GC invocations=10 (full 2):
 PSYoungGen      total 122880K, used 18688K [0x00000000d5f80000, 0x00000000e0300000, 0x0000000100000000)
  eden space 103936K, 0% used [0x00000000d5f80000,0x00000000d5f80000,0x00000000dc500000)
  from space 18944K, 98% used [0x00000000df080000,0x00000000e02c0000,0x00000000e0300000)
  to   space 26624K, 0% used [0x00000000dcf00000,0x00000000dcf00000,0x00000000de900000)
 ParOldGen       total 141824K, used 44738K [0x0000000081e00000, 0x000000008a880000, 0x00000000d5f80000)
  object space 141824K, 31% used [0x0000000081e00000,0x00000000849b0930,0x000000008a880000)
 Metaspace       used 35200K, capacity 37552K, committed 37760K, reserved 1081344K
  class space    used 4738K, capacity 5143K, committed 5248K, reserved 1048576K
}
Event: 13.980 GC heap before
{Heap before GC invocations=11 (full 2):
 PSYoungGen      total 122880K, used 122624K [0x00000000d5f80000, 0x00000000e0300000, 0x0000000100000000)
  eden space 103936K, 100% used [0x00000000d5f80000,0x00000000dc500000,0x00000000dc500000)
  from space 18944K, 98% used [0x00000000df080000,0x00000000e02c0000,0x00000000e0300000)
  to   space 26624K, 0% used [0x00000000dcf00000,0x00000000dcf00000,0x00000000de900000)
 ParOldGen       total 141824K, used 44738K [0x0000000081e00000, 0x000000008a880000, 0x00000000d5f80000)
  object space 141824K, 31% used [0x0000000081e00000,0x00000000849b0930,0x000000008a880000)
 Metaspace       used 36179K, capacity 38692K, committed 38784K, reserved 1083392K
  class space    used 4791K, capacity 5225K, committed 5248K, reserved 1048576K
Event: 14.069 GC heap after
Heap after GC invocations=11 (full 2):
 PSYoungGen      total 140800K, used 26620K [0x00000000d5f80000, 0x00000000e4780000, 0x0000000100000000)
  eden space 114176K, 0% used [0x00000000d5f80000,0x00000000d5f80000,0x00000000dcf00000)
  from space 26624K, 99% used [0x00000000dcf00000,0x00000000de8ff280,0x00000000de900000)
  to   space 52736K, 0% used [0x00000000e1400000,0x00000000e1400000,0x00000000e4780000)
 ParOldGen       total 141824K, used 99615K [0x0000000081e00000, 0x000000008a880000, 0x00000000d5f80000)
  object space 141824K, 70% used [0x0000000081e00000,0x0000000087f47cc8,0x000000008a880000)
 Metaspace       used 36179K, capacity 38692K, committed 38784K, reserved 1083392K
  class space    used 4791K, capacity 5225K, committed 5248K, reserved 1048576K
}
Event: 53.950 GC heap before
{Heap before GC invocations=12 (full 2):
 PSYoungGen      total 140800K, used 140473K [0x00000000d5f80000, 0x00000000e4780000, 0x0000000100000000)
  eden space 114176K, 99% used [0x00000000d5f80000,0x00000000dceaf2c8,0x00000000dcf00000)
  from space 26624K, 99% used [0x00000000dcf00000,0x00000000de8ff280,0x00000000de900000)
  to   space 52736K, 0% used [0x00000000e1400000,0x00000000e1400000,0x00000000e4780000)
 ParOldGen       total 141824K, used 99615K [0x0000000081e00000, 0x000000008a880000, 0x00000000d5f80000)
  object space 141824K, 70% used [0x0000000081e00000,0x0000000087f47cc8,0x000000008a880000)
 Metaspace       used 37075K, capacity 39618K, committed 39936K, reserved 1083392K
  class space    used 4857K, capacity 5290K, committed 5376K, reserved 1048576K
Event: 54.008 GC heap after
Heap after GC invocations=12 (full 2):
 PSYoungGen      total 162816K, used 52704K [0x00000000d5f80000, 0x00000000e7a80000, 0x0000000100000000)
  eden space 110080K, 0% used [0x00000000d5f80000,0x00000000d5f80000,0x00000000dcb00000)
  from space 52736K, 99% used [0x00000000e1400000,0x00000000e4778180,0x00000000e4780000)
  to   space 74752K, 0% used [0x00000000dcb00000,0x00000000dcb00000,0x00000000e1400000)
 ParOldGen       total 141824K, used 135494K [0x0000000081e00000, 0x000000008a880000, 0x00000000d5f80000)
  object space 141824K, 95% used [0x0000000081e00000,0x000000008a251918,0x000000008a880000)
 Metaspace       used 37075K, capacity 39618K, committed 39936K, reserved 1083392K
  class space    used 4857K, capacity 5290K, committed 5376K, reserved 1048576K
}
Event: 54.008 GC heap before
{Heap before GC invocations=13 (full 3):
 PSYoungGen      total 162816K, used 52704K [0x00000000d5f80000, 0x00000000e7a80000, 0x0000000100000000)
  eden space 110080K, 0% used [0x00000000d5f80000,0x00000000d5f80000,0x00000000dcb00000)
  from space 52736K, 99% used [0x00000000e1400000,0x00000000e4778180,0x00000000e4780000)
  to   space 74752K, 0% used [0x00000000dcb00000,0x00000000dcb00000,0x00000000e1400000)
 ParOldGen       total 141824K, used 135494K [0x0000000081e00000, 0x000000008a880000, 0x00000000d5f80000)
  object space 141824K, 95% used [0x0000000081e00000,0x000000008a251918,0x000000008a880000)
 Metaspace       used 37075K, capacity 39618K, committed 39936K, reserved 1083392K
  class space    used 4857K, capacity 5290K, committed 5376K, reserved 1048576K
Event: 54.469 GC heap after
Heap after GC invocations=13 (full 3):
 PSYoungGen      total 162816K, used 0K [0x00000000d5f80000, 0x00000000e7a80000, 0x0000000100000000)
  eden space 110080K, 0% used [0x00000000d5f80000,0x00000000d5f80000,0x00000000dcb00000)
  from space 52736K, 0% used [0x00000000e1400000,0x00000000e1400000,0x00000000e4780000)
  to   space 74752K, 0% used [0x00000000dcb00000,0x00000000dcb00000,0x00000000e1400000)
 ParOldGen       total 141824K, used 134314K [0x0000000081e00000, 0x000000008a880000, 0x00000000d5f80000)
  object space 141824K, 94% used [0x0000000081e00000,0x000000008a12a9f8,0x000000008a880000)
 Metaspace       used 37075K, capacity 39618K, committed 39936K, reserved 1083392K
  class space    used 4857K, capacity 5290K, committed 5376K, reserved 1048576K
}

