# JRE version: Java(TM) SE Runtime Environment (8.0_152-b16) (build 1.8.0_152-b16)
# Java VM: Java HotSpot(TM) 64-Bit Server VM (25.152-b16 mixed mode windows-amd64 compressed oops)
Heap:
 PSYoungGen      total 491520K, used 160260K [0x00000000d5f80000, 0x00000000fa100000, 0x0000000100000000)
  eden space 403968K, 39% used [0x00000000d5f80000,0x00000000dfc012e0,0x00000000eea00000)
  from space 87552K, 0% used [0x00000000f3f80000,0x00000000f3f80000,0x00000000f9500000)
  to   space 87552K, 0% used [0x00000000eea00000,0x00000000eea00000,0x00000000f3f80000)
 ParOldGen       total 365056K, used 212814K [0x0000000081e00000, 0x0000000098280000, 0x00000000d5f80000)
  object space 365056K, 58% used [0x0000000081e00000,0x000000008edd3bd0,0x0000000098280000)
 Metaspace       used 34719K, capacity 36910K, committed 37120K, reserved 1081344K
  class space    used 4710K, capacity 5110K, committed 5120K, reserved 1048576K
GC Heap History (10 events):
Event: 35.715 GC heap before
{Heap before GC invocations=19 (full 4):
 PSYoungGen      total 343040K, used 45913K [0x00000000d5f80000, 0x00000000f5500000, 0x0000000100000000)
  eden space 278528K, 0% used [0x00000000d5f80000,0x00000000d5f80000,0x00000000e6f80000)
  from space 64512K, 71% used [0x00000000e6f80000,0x00000000e9c56520,0x00000000eae80000)
  to   space 67584K, 0% used [0x00000000f1300000,0x00000000f1300000,0x00000000f5500000)
 ParOldGen       total 179712K, used 174610K [0x0000000081e00000, 0x000000008cd80000, 0x00000000d5f80000)
  object space 179712K, 97% used [0x0000000081e00000,0x000000008c884ad8,0x000000008cd80000)
 Metaspace       used 33030K, capacity 34618K, committed 34816K, reserved 1079296K
  class space    used 4408K, capacity 4748K, committed 4864K, reserved 1048576K
Event: 37.234 GC heap after
Heap after GC invocations=19 (full 4):
 PSYoungGen      total 343040K, used 23830K [0x00000000d5f80000, 0x00000000f5500000, 0x0000000100000000)
  eden space 278528K, 0% used [0x00000000d5f80000,0x00000000d5f80000,0x00000000e6f80000)
  from space 64512K, 36% used [0x00000000e6f80000,0x00000000e86c5a78,0x00000000eae80000)
  to   space 67584K, 0% used [0x00000000f1300000,0x00000000f1300000,0x00000000f5500000)
 ParOldGen       total 296960K, used 179498K [0x0000000081e00000, 0x0000000094000000, 0x00000000d5f80000)
  object space 296960K, 60% used [0x0000000081e00000,0x000000008cd4aa08,0x0000000094000000)
 Metaspace       used 33030K, capacity 34618K, committed 34816K, reserved 1079296K
  class space    used 4408K, capacity 4748K, committed 4864K, reserved 1048576K
}
Event: 38.299 GC heap before
{Heap before GC invocations=20 (full 4):
 PSYoungGen      total 343040K, used 302358K [0x00000000d5f80000, 0x00000000f5500000, 0x0000000100000000)
  eden space 278528K, 100% used [0x00000000d5f80000,0x00000000e6f80000,0x00000000e6f80000)
  from space 64512K, 36% used [0x00000000e6f80000,0x00000000e86c5a78,0x00000000eae80000)
  to   space 67584K, 0% used [0x00000000f1300000,0x00000000f1300000,0x00000000f5500000)
 ParOldGen       total 296960K, used 179498K [0x0000000081e00000, 0x0000000094000000, 0x00000000d5f80000)
  object space 296960K, 60% used [0x0000000081e00000,0x000000008cd4aa08,0x0000000094000000)
 Metaspace       used 33037K, capacity 34624K, committed 34816K, reserved 1079296K
  class space    used 4409K, capacity 4749K, committed 4864K, reserved 1048576K
Event: 38.497 GC heap after
Heap after GC invocations=20 (full 4):
 PSYoungGen      total 386048K, used 42833K [0x00000000d5f80000, 0x00000000f3d00000, 0x0000000100000000)
  eden space 343040K, 0% used [0x00000000d5f80000,0x00000000d5f80000,0x00000000eae80000)
  from space 43008K, 99% used [0x00000000f1300000,0x00000000f3cd46c8,0x00000000f3d00000)
  to   space 69120K, 0% used [0x00000000eb600000,0x00000000eb600000,0x00000000ef980000)
 ParOldGen       total 296960K, used 203466K [0x0000000081e00000, 0x0000000094000000, 0x00000000d5f80000)
  object space 296960K, 68% used [0x0000000081e00000,0x000000008e4b2a08,0x0000000094000000)
 Metaspace       used 33037K, capacity 34624K, committed 34816K, reserved 1079296K
  class space    used 4409K, capacity 4749K, committed 4864K, reserved 1048576K
}
Event: 39.221 GC heap before
{Heap before GC invocations=21 (full 4):
 PSYoungGen      total 386048K, used 385873K [0x00000000d5f80000, 0x00000000f3d00000, 0x0000000100000000)
  eden space 343040K, 100% used [0x00000000d5f80000,0x00000000eae80000,0x00000000eae80000)
  from space 43008K, 99% used [0x00000000f1300000,0x00000000f3cd46c8,0x00000000f3d00000)
  to   space 69120K, 0% used [0x00000000eb600000,0x00000000eb600000,0x00000000ef980000)
 ParOldGen       total 296960K, used 203466K [0x0000000081e00000, 0x0000000094000000, 0x00000000d5f80000)
  object space 296960K, 68% used [0x0000000081e00000,0x000000008e4b2a08,0x0000000094000000)
 Metaspace       used 33037K, capacity 34624K, committed 34816K, reserved 1079296K
  class space    used 4409K, capacity 4749K, committed 4864K, reserved 1048576K
Event: 39.408 GC heap after
Heap after GC invocations=21 (full 4):
 PSYoungGen      total 419840K, used 69099K [0x00000000d5f80000, 0x00000000f9500000, 0x0000000100000000)
  eden space 350720K, 0% used [0x00000000d5f80000,0x00000000d5f80000,0x00000000eb600000)
  from space 69120K, 99% used [0x00000000eb600000,0x00000000ef97ae90,0x00000000ef980000)
  to   space 87552K, 0% used [0x00000000f3f80000,0x00000000f3f80000,0x00000000f9500000)
 ParOldGen       total 296960K, used 225882K [0x0000000081e00000, 0x0000000094000000, 0x00000000d5f80000)
  object space 296960K, 76% used [0x0000000081e00000,0x000000008fa96a08,0x0000000094000000)
 Metaspace       used 33037K, capacity 34624K, committed 34816K, reserved 1079296K
  class space    used 4409K, capacity 4749K, committed 4864K, reserved 1048576K
}
Event: 40.119 GC heap before
{Heap before GC invocations=22 (full 4):
 PSYoungGen      total 419840K, used 419819K [0x00000000d5f80000, 0x00000000f9500000, 0x0000000100000000)
  eden space 350720K, 100% used [0x00000000d5f80000,0x00000000eb600000,0x00000000eb600000)
  from space 69120K, 99% used [0x00000000eb600000,0x00000000ef97ae90,0x00000000ef980000)
  to   space 87552K, 0% used [0x00000000f3f80000,0x00000000f3f80000,0x00000000f9500000)
 ParOldGen       total 296960K, used 225882K [0x0000000081e00000, 0x0000000094000000, 0x00000000d5f80000)
  object space 296960K, 76% used [0x0000000081e00000,0x000000008fa96a08,0x0000000094000000)
 Metaspace       used 33037K, capacity 34624K, committed 34816K, reserved 1079296K
  class space    used 4409K, capacity 4749K, committed 4864K, reserved 1048576K
Event: 40.268 GC heap after
Heap after GC invocations=22 (full 4):
 PSYoungGen      total 491520K, used 49945K [0x00000000d5f80000, 0x00000000fa100000, 0x0000000100000000)
  eden space 403968K, 0% used [0x00000000d5f80000,0x00000000d5f80000,0x00000000eea00000)
  from space 87552K, 57% used [0x00000000f3f80000,0x00000000f7046520,0x00000000f9500000)
  to   space 87552K, 0% used [0x00000000eea00000,0x00000000eea00000,0x00000000f3f80000)
 ParOldGen       total 296960K, used 295101K [0x0000000081e00000, 0x0000000094000000, 0x00000000d5f80000)
  object space 296960K, 99% used [0x0000000081e00000,0x0000000093e2f488,0x0000000094000000)
 Metaspace       used 33037K, capacity 34624K, committed 34816K, reserved 1079296K
  class space    used 4409K, capacity 4749K, committed 4864K, reserved 1048576K
}
Event: 40.268 GC heap before
{Heap before GC invocations=23 (full 5):
 PSYoungGen      total 491520K, used 49945K [0x00000000d5f80000, 0x00000000fa100000, 0x0000000100000000)
  eden space 403968K, 0% used [0x00000000d5f80000,0x00000000d5f80000,0x00000000eea00000)
  from space 87552K, 57% used [0x00000000f3f80000,0x00000000f7046520,0x00000000f9500000)
  to   space 87552K, 0% used [0x00000000eea00000,0x00000000eea00000,0x00000000f3f80000)
 ParOldGen       total 296960K, used 295101K [0x0000000081e00000, 0x0000000094000000, 0x00000000d5f80000)
  object space 296960K, 99% used [0x0000000081e00000,0x0000000093e2f488,0x0000000094000000)
 Metaspace       used 33037K, capacity 34624K, committed 34816K, reserved 1079296K
  class space    used 4409K, capacity 4749K, committed 4864K, reserved 1048576K
Event: 41.104 GC heap after
Heap after GC invocations=23 (full 5):
 PSYoungGen      total 491520K, used 0K [0x00000000d5f80000, 0x00000000fa100000, 0x0000000100000000)
  eden space 403968K, 0% used [0x00000000d5f80000,0x00000000d5f80000,0x00000000eea00000)
  from space 87552K, 0% used [0x00000000f3f80000,0x00000000f3f80000,0x00000000f9500000)
  to   space 87552K, 0% used [0x00000000eea00000,0x00000000eea00000,0x00000000f3f80000)
 ParOldGen       total 365056K, used 212814K [0x0000000081e00000, 0x0000000098280000, 0x00000000d5f80000)
  object space 365056K, 58% used [0x0000000081e00000,0x000000008edd3bd0,0x0000000098280000)
 Metaspace       used 33037K, capacity 34624K, committed 34816K, reserved 1079296K
  class space    used 4409K, capacity 4749K, committed 4864K, reserved 1048576K
}

